2021-07-22T16:40:21.7084716+03:00  [INF] User profile is available. Using '"C:\Users\iivasc\AppData\Local\ASP.NET\DataProtection-Keys"' as key repository and Windows DPAPI to encrypt keys at rest. (7ac5e29c)
2021-07-22T16:40:22.3634409+03:00 0HMAD2P0DVG2J:00000001 [INF] Request starting HTTP/1.1 DEBUG http://localhost:60968/  0 (ca22a1cb)
2021-07-22T16:40:22.3634409+03:00 0HMAD2P0DVG2K:00000001 [INF] Request starting HTTP/1.1 GET http://localhost:44355/   (ca22a1cb)
2021-07-22T16:40:22.4058413+03:00 0HMAD2P0DVG2J:00000001 [INF] Request finished in 43.8073ms 200  (791a596a)
2021-07-22T16:40:22.5781190+03:00 0HMAD2P0DVG2K:00000001 [INF] Route matched with "{action = \"Index\", controller = \"Home\"}". Executing controller action with signature "Microsoft.AspNetCore.Mvc.IActionResult Index()" on controller "CRMLibrary.UI.Controllers.HomeController" ("CRMLibrary.UI"). (122b2fdf)
2021-07-22T16:40:22.6937624+03:00 0HMAD2P0DVG2K:00000001 [INF] Executing action method "CRMLibrary.UI.Controllers.HomeController.Index (CRMLibrary.UI)" - Validation state: Valid (dad538d7)
2021-07-22T16:40:23.5170497+03:00 0HMAD2P0DVG2K:00000001 [INF] Executed action method "CRMLibrary.UI.Controllers.HomeController.Index (CRMLibrary.UI)", returned result "Microsoft.AspNetCore.Mvc.ViewResult" in 818.3357ms. (50a9e262)
2021-07-22T16:40:23.5447936+03:00 0HMAD2P0DVG2K:00000001 [INF] Executing ViewResult, running view "Index". (c83d0e25)
2021-07-22T16:40:23.6381068+03:00 0HMAD2P0DVG2K:00000001 [INF] Executed ViewResult - view "Index" executed in 108.5709ms. (f66409e9)
2021-07-22T16:40:23.6406638+03:00 0HMAD2P0DVG2K:00000001 [INF] Executed action "CRMLibrary.UI.Controllers.HomeController.Index (CRMLibrary.UI)" in 1060.2405ms (afa2e885)
2021-07-22T16:40:23.6516053+03:00 0HMAD2P0DVG2K:00000001 [INF] Request finished in 1292.0769ms 200 text/html; charset=utf-8 (791a596a)
2021-07-22T16:40:23.6604245+03:00 0HMAD2P0DVG2J:00000002 [INF] Request starting HTTP/1.1 GET http://localhost:44355/css/site.css   (ca22a1cb)
2021-07-22T16:40:23.6671914+03:00 0HMAD2P0DVG2J:00000002 [INF] The file "/css/site.css" was not modified (f1f8d725)
2021-07-22T16:40:23.6712700+03:00 0HMAD2P0DVG2J:00000002 [INF] Request finished in 11.833ms 304 text/css (791a596a)
2021-07-22T16:40:26.4413582+03:00 0HMAD2P0DVG2K:00000002 [INF] Request starting HTTP/1.1 GET http://localhost:44355/register   (ca22a1cb)
2021-07-22T16:40:26.4487088+03:00 0HMAD2P0DVG2K:00000002 [INF] Route matched with "{action = \"Register\", controller = \"Auth\"}". Executing controller action with signature "Microsoft.AspNetCore.Mvc.IActionResult Register()" on controller "CRMLibrary.UI.Controllers.AuthController" ("CRMLibrary.UI"). (122b2fdf)
2021-07-22T16:40:26.4531682+03:00 0HMAD2P0DVG2K:00000002 [INF] Executing action method "CRMLibrary.UI.Controllers.AuthController.Register (CRMLibrary.UI)" - Validation state: Valid (dad538d7)
2021-07-22T16:40:26.4559937+03:00 0HMAD2P0DVG2K:00000002 [INF] Executed action method "CRMLibrary.UI.Controllers.AuthController.Register (CRMLibrary.UI)", returned result "Microsoft.AspNetCore.Mvc.ViewResult" in 0.4145ms. (50a9e262)
2021-07-22T16:40:26.4626832+03:00 0HMAD2P0DVG2K:00000002 [INF] Executing ViewResult, running view "Register". (c83d0e25)
2021-07-22T16:40:26.4997302+03:00 0HMAD2P0DVG2K:00000002 [INF] Executed ViewResult - view "Register" executed in 41.7889ms. (f66409e9)
2021-07-22T16:40:26.5024505+03:00 0HMAD2P0DVG2K:00000002 [INF] Executed action "CRMLibrary.UI.Controllers.AuthController.Register (CRMLibrary.UI)" in 51.2473ms (afa2e885)
2021-07-22T16:40:26.5050570+03:00 0HMAD2P0DVG2K:00000002 [INF] Request finished in 63.56ms 200 text/html; charset=utf-8 (791a596a)
2021-07-22T16:40:43.4860856+03:00 0HMAD2P0DVG2J:00000003 [INF] Request starting HTTP/1.1 POST http://localhost:44355/register application/x-www-form-urlencoded 255 (ca22a1cb)
2021-07-22T16:40:43.5033130+03:00 0HMAD2P0DVG2J:00000003 [INF] Route matched with "{action = \"Register\", controller = \"Auth\"}". Executing controller action with signature "System.Threading.Tasks.Task`1[Microsoft.AspNetCore.Mvc.IActionResult] Register(CRMLibrary.UI.Models.RegisterViewModel)" on controller "CRMLibrary.UI.Controllers.AuthController" ("CRMLibrary.UI"). (122b2fdf)
2021-07-22T16:40:43.5434512+03:00 0HMAD2P0DVG2J:00000003 [INF] Executing action method "CRMLibrary.UI.Controllers.AuthController.Register (CRMLibrary.UI)" - Validation state: Valid (dad538d7)
2021-07-22T16:40:43.6848845+03:00 0HMAD2P0DVG2J:00000003 [INF] AuthenticationScheme: "Cookies" signed in. (c66dd7e7)
2021-07-22T16:40:43.6877606+03:00 0HMAD2P0DVG2J:00000003 [INF] Executed action method "CRMLibrary.UI.Controllers.AuthController.Register (CRMLibrary.UI)", returned result "Microsoft.AspNetCore.Mvc.RedirectToActionResult" in 141.7223ms. (50a9e262)
2021-07-22T16:40:43.6900963+03:00 0HMAD2P0DVG2J:00000003 [INF] Executing RedirectResult, redirecting to "/userinfo". (d98d540e)
2021-07-22T16:40:43.6920835+03:00 0HMAD2P0DVG2J:00000003 [INF] Executed action "CRMLibrary.UI.Controllers.AuthController.Register (CRMLibrary.UI)" in 186.8515ms (afa2e885)
2021-07-22T16:40:43.6944482+03:00 0HMAD2P0DVG2J:00000003 [INF] Request finished in 208.4159ms 302  (791a596a)
2021-07-22T16:40:43.7016227+03:00 0HMAD2P0DVG2K:00000003 [INF] Request starting HTTP/1.1 GET http://localhost:44355/userinfo   (ca22a1cb)
2021-07-22T16:40:43.7054148+03:00 0HMAD2P0DVG2K:00000003 [INF] Route matched with "{action = \"UserInformation\", controller = \"Home\"}". Executing controller action with signature "Microsoft.AspNetCore.Mvc.IActionResult UserInformation()" on controller "CRMLibrary.UI.Controllers.HomeController" ("CRMLibrary.UI"). (122b2fdf)
2021-07-22T16:40:43.7146889+03:00 0HMAD2P0DVG2K:00000003 [INF] Authorization was successful. (0d575a54)
2021-07-22T16:40:43.7167967+03:00 0HMAD2P0DVG2K:00000003 [INF] Executing action method "CRMLibrary.UI.Controllers.HomeController.UserInformation (CRMLibrary.UI)" - Validation state: Valid (dad538d7)
2021-07-22T16:40:43.7851784+03:00 0HMAD2P0DVG2K:00000003 [INF] Executed action method "CRMLibrary.UI.Controllers.HomeController.UserInformation (CRMLibrary.UI)", returned result "Microsoft.AspNetCore.Mvc.ViewResult" in 66.0959ms. (50a9e262)
2021-07-22T16:40:43.7912249+03:00 0HMAD2P0DVG2K:00000003 [INF] Executing ViewResult, running view "UserInformation". (c83d0e25)
2021-07-22T16:40:43.8154735+03:00 0HMAD2P0DVG2K:00000003 [INF] Executed ViewResult - view "UserInformation" executed in 27.7057ms. (f66409e9)
2021-07-22T16:40:43.8178890+03:00 0HMAD2P0DVG2K:00000003 [INF] Executed action "CRMLibrary.UI.Controllers.HomeController.UserInformation (CRMLibrary.UI)" in 110.1133ms (afa2e885)
2021-07-22T16:40:43.8202510+03:00 0HMAD2P0DVG2K:00000003 [INF] Request finished in 117.8403ms 200 text/html; charset=utf-8 (791a596a)
2021-07-22T16:41:01.1798081+03:00 0HMAD2P0DVG2J:00000004 [INF] Request starting HTTP/1.1 GET http://localhost:44355/   (ca22a1cb)
2021-07-22T16:41:01.1839333+03:00 0HMAD2P0DVG2J:00000004 [INF] Route matched with "{action = \"Index\", controller = \"Home\"}". Executing controller action with signature "Microsoft.AspNetCore.Mvc.IActionResult Index()" on controller "CRMLibrary.UI.Controllers.HomeController" ("CRMLibrary.UI"). (122b2fdf)
2021-07-22T16:41:01.1863856+03:00 0HMAD2P0DVG2J:00000004 [INF] Executing action method "CRMLibrary.UI.Controllers.HomeController.Index (CRMLibrary.UI)" - Validation state: Valid (dad538d7)
2021-07-22T16:41:01.2009277+03:00 0HMAD2P0DVG2J:00000004 [INF] Executed action method "CRMLibrary.UI.Controllers.HomeController.Index (CRMLibrary.UI)", returned result "Microsoft.AspNetCore.Mvc.ViewResult" in 12.9382ms. (50a9e262)
2021-07-22T16:41:01.2027403+03:00 0HMAD2P0DVG2J:00000004 [INF] Executing ViewResult, running view "Index". (c83d0e25)
2021-07-22T16:41:01.2112712+03:00 0HMAD2P0DVG2J:00000004 [INF] Executed ViewResult - view "Index" executed in 8.106ms. (f66409e9)
2021-07-22T16:41:01.2132094+03:00 0HMAD2P0DVG2J:00000004 [INF] Executed action "CRMLibrary.UI.Controllers.HomeController.Index (CRMLibrary.UI)" in 27.3207ms (afa2e885)
2021-07-22T16:41:01.2159254+03:00 0HMAD2P0DVG2J:00000004 [INF] Request finished in 36.9996ms 200 text/html; charset=utf-8 (791a596a)
2021-07-22T16:41:05.2004704+03:00 0HMAD2P0DVG2K:00000004 [INF] Request starting HTTP/1.1 POST http://localhost:44355/logout application/x-www-form-urlencoded 225 (ca22a1cb)
2021-07-22T16:41:05.2067666+03:00 0HMAD2P0DVG2K:00000004 [INF] Route matched with "{action = \"LogOut\", controller = \"Auth\"}". Executing controller action with signature "System.Threading.Tasks.Task`1[Microsoft.AspNetCore.Mvc.IActionResult] LogOut()" on controller "CRMLibrary.UI.Controllers.AuthController" ("CRMLibrary.UI"). (122b2fdf)
2021-07-22T16:41:05.2091625+03:00 0HMAD2P0DVG2K:00000004 [INF] Executing action method "CRMLibrary.UI.Controllers.AuthController.LogOut (CRMLibrary.UI)" - Validation state: Valid (dad538d7)
2021-07-22T16:41:05.2133555+03:00 0HMAD2P0DVG2K:00000004 [INF] AuthenticationScheme: "Cookies" signed out. (d3f50c8d)
2021-07-22T16:41:05.2146072+03:00 0HMAD2P0DVG2K:00000004 [INF] Executed action method "CRMLibrary.UI.Controllers.AuthController.LogOut (CRMLibrary.UI)", returned result "Microsoft.AspNetCore.Mvc.RedirectToActionResult" in 4.2289ms. (50a9e262)
2021-07-22T16:41:05.2162440+03:00 0HMAD2P0DVG2K:00000004 [INF] Executing RedirectResult, redirecting to "/". (d98d540e)
2021-07-22T16:41:05.2173950+03:00 0HMAD2P0DVG2K:00000004 [INF] Executed action "CRMLibrary.UI.Controllers.AuthController.LogOut (CRMLibrary.UI)" in 9.542ms (afa2e885)
2021-07-22T16:41:05.2200539+03:00 0HMAD2P0DVG2K:00000004 [INF] Request finished in 18.5674ms 302  (791a596a)
2021-07-22T16:41:05.2238580+03:00 0HMAD2P0DVG2J:00000005 [INF] Request starting HTTP/1.1 GET http://localhost:44355/   (ca22a1cb)
2021-07-22T16:41:05.2255662+03:00 0HMAD2P0DVG2J:00000005 [INF] Route matched with "{action = \"Index\", controller = \"Home\"}". Executing controller action with signature "Microsoft.AspNetCore.Mvc.IActionResult Index()" on controller "CRMLibrary.UI.Controllers.HomeController" ("CRMLibrary.UI"). (122b2fdf)
2021-07-22T16:41:05.2267888+03:00 0HMAD2P0DVG2J:00000005 [INF] Executing action method "CRMLibrary.UI.Controllers.HomeController.Index (CRMLibrary.UI)" - Validation state: Valid (dad538d7)
2021-07-22T16:41:05.2343384+03:00 0HMAD2P0DVG2J:00000005 [INF] Executed action method "CRMLibrary.UI.Controllers.HomeController.Index (CRMLibrary.UI)", returned result "Microsoft.AspNetCore.Mvc.ViewResult" in 6.0884ms. (50a9e262)
2021-07-22T16:41:05.2373802+03:00 0HMAD2P0DVG2J:00000005 [INF] Executing ViewResult, running view "Index". (c83d0e25)
2021-07-22T16:41:05.2402146+03:00 0HMAD2P0DVG2J:00000005 [INF] Executed ViewResult - view "Index" executed in 3.9158ms. (f66409e9)
2021-07-22T16:41:05.2416731+03:00 0HMAD2P0DVG2J:00000005 [INF] Executed action "CRMLibrary.UI.Controllers.HomeController.Index (CRMLibrary.UI)" in 14.6643ms (afa2e885)
2021-07-22T16:41:05.2436173+03:00 0HMAD2P0DVG2J:00000005 [INF] Request finished in 19.2356ms 200 text/html; charset=utf-8 (791a596a)
2021-07-22T16:41:06.4928365+03:00 0HMAD2P0DVG2K:00000005 [INF] Request starting HTTP/1.1 GET http://localhost:44355/login   (ca22a1cb)
2021-07-22T16:41:06.4972697+03:00 0HMAD2P0DVG2K:00000005 [INF] Route matched with "{action = \"LogIn\", controller = \"Auth\"}". Executing controller action with signature "Microsoft.AspNetCore.Mvc.IActionResult LogIn()" on controller "CRMLibrary.UI.Controllers.AuthController" ("CRMLibrary.UI"). (122b2fdf)
2021-07-22T16:41:06.4996353+03:00 0HMAD2P0DVG2K:00000005 [INF] Executing action method "CRMLibrary.UI.Controllers.AuthController.LogIn (CRMLibrary.UI)" - Validation state: Valid (dad538d7)
2021-07-22T16:41:06.5035526+03:00 0HMAD2P0DVG2K:00000005 [INF] Executed action method "CRMLibrary.UI.Controllers.AuthController.LogIn (CRMLibrary.UI)", returned result "Microsoft.AspNetCore.Mvc.ViewResult" in 0.7896ms. (50a9e262)
2021-07-22T16:41:06.5127432+03:00 0HMAD2P0DVG2K:00000005 [INF] Executing ViewResult, running view "LogIn". (c83d0e25)
2021-07-22T16:41:06.5239471+03:00 0HMAD2P0DVG2K:00000005 [INF] Executed ViewResult - view "LogIn" executed in 18.3204ms. (f66409e9)
2021-07-22T16:41:06.5258143+03:00 0HMAD2P0DVG2K:00000005 [INF] Executed action "CRMLibrary.UI.Controllers.AuthController.LogIn (CRMLibrary.UI)" in 26.6704ms (afa2e885)
2021-07-22T16:41:06.5284609+03:00 0HMAD2P0DVG2K:00000005 [INF] Request finished in 36.6633ms 200 text/html; charset=utf-8 (791a596a)
2021-07-22T16:41:08.8376615+03:00 0HMAD2P0DVG2J:00000006 [INF] Request starting HTTP/1.1 GET http://localhost:44355/   (ca22a1cb)
2021-07-22T16:41:08.8405592+03:00 0HMAD2P0DVG2J:00000006 [INF] Route matched with "{action = \"Index\", controller = \"Home\"}". Executing controller action with signature "Microsoft.AspNetCore.Mvc.IActionResult Index()" on controller "CRMLibrary.UI.Controllers.HomeController" ("CRMLibrary.UI"). (122b2fdf)
2021-07-22T16:41:08.8420903+03:00 0HMAD2P0DVG2J:00000006 [INF] Executing action method "CRMLibrary.UI.Controllers.HomeController.Index (CRMLibrary.UI)" - Validation state: Valid (dad538d7)
2021-07-22T16:41:08.8518626+03:00 0HMAD2P0DVG2J:00000006 [INF] Executed action method "CRMLibrary.UI.Controllers.HomeController.Index (CRMLibrary.UI)", returned result "Microsoft.AspNetCore.Mvc.ViewResult" in 7.131ms. (50a9e262)
2021-07-22T16:41:08.8535627+03:00 0HMAD2P0DVG2J:00000006 [INF] Executing ViewResult, running view "Index". (c83d0e25)
2021-07-22T16:41:08.8552050+03:00 0HMAD2P0DVG2J:00000006 [INF] Executed ViewResult - view "Index" executed in 2.0305ms. (f66409e9)
2021-07-22T16:41:08.8567499+03:00 0HMAD2P0DVG2J:00000006 [INF] Executed action "CRMLibrary.UI.Controllers.HomeController.Index (CRMLibrary.UI)" in 14.6628ms (afa2e885)
2021-07-22T16:41:08.8604061+03:00 0HMAD2P0DVG2J:00000006 [INF] Request finished in 21.4512ms 200 text/html; charset=utf-8 (791a596a)
2021-07-22T16:41:10.6233306+03:00 0HMAD2P0DVG2K:00000006 [INF] Request starting HTTP/1.1 GET http://localhost:44355/login   (ca22a1cb)
2021-07-22T16:41:10.6265839+03:00 0HMAD2P0DVG2K:00000006 [INF] Route matched with "{action = \"LogIn\", controller = \"Auth\"}". Executing controller action with signature "Microsoft.AspNetCore.Mvc.IActionResult LogIn()" on controller "CRMLibrary.UI.Controllers.AuthController" ("CRMLibrary.UI"). (122b2fdf)
2021-07-22T16:41:10.6290311+03:00 0HMAD2P0DVG2K:00000006 [INF] Executing action method "CRMLibrary.UI.Controllers.AuthController.LogIn (CRMLibrary.UI)" - Validation state: Valid (dad538d7)
2021-07-22T16:41:10.6324031+03:00 0HMAD2P0DVG2K:00000006 [INF] Executed action method "CRMLibrary.UI.Controllers.AuthController.LogIn (CRMLibrary.UI)", returned result "Microsoft.AspNetCore.Mvc.ViewResult" in 0.0167ms. (50a9e262)
2021-07-22T16:41:10.6341656+03:00 0HMAD2P0DVG2K:00000006 [INF] Executing ViewResult, running view "LogIn". (c83d0e25)
2021-07-22T16:41:10.6363479+03:00 0HMAD2P0DVG2K:00000006 [INF] Executed ViewResult - view "LogIn" executed in 2.4236ms. (f66409e9)
2021-07-22T16:41:10.6379110+03:00 0HMAD2P0DVG2K:00000006 [INF] Executed action "CRMLibrary.UI.Controllers.AuthController.LogIn (CRMLibrary.UI)" in 9.7631ms (afa2e885)
2021-07-22T16:41:10.6408226+03:00 0HMAD2P0DVG2K:00000006 [INF] Request finished in 17.9535ms 200 text/html; charset=utf-8 (791a596a)
2021-07-22T16:41:17.3806970+03:00 0HMAD2P0DVG2J:00000007 [INF] Request starting HTTP/1.1 POST http://localhost:44355/login application/x-www-form-urlencoded 222 (ca22a1cb)
2021-07-22T16:41:17.3862917+03:00 0HMAD2P0DVG2J:00000007 [INF] Route matched with "{action = \"LogIn\", controller = \"Auth\"}". Executing controller action with signature "System.Threading.Tasks.Task`1[Microsoft.AspNetCore.Mvc.IActionResult] LogIn(CRMLibrary.UI.Models.LogInViewModel)" on controller "CRMLibrary.UI.Controllers.AuthController" ("CRMLibrary.UI"). (122b2fdf)
2021-07-22T16:41:17.3896878+03:00 0HMAD2P0DVG2J:00000007 [INF] Executing action method "CRMLibrary.UI.Controllers.AuthController.LogIn (CRMLibrary.UI)" - Validation state: Valid (dad538d7)
2021-07-22T16:41:17.4011666+03:00 0HMAD2P0DVG2J:00000007 [INF] AuthenticationScheme: "Cookies" signed in. (c66dd7e7)
2021-07-22T16:41:17.4027120+03:00 0HMAD2P0DVG2J:00000007 [INF] Executed action method "CRMLibrary.UI.Controllers.AuthController.LogIn (CRMLibrary.UI)", returned result "Microsoft.AspNetCore.Mvc.RedirectToActionResult" in 11.5209ms. (50a9e262)
2021-07-22T16:41:17.4051991+03:00 0HMAD2P0DVG2J:00000007 [INF] Executing RedirectResult, redirecting to "/userinfo". (d98d540e)
2021-07-22T16:41:17.4077419+03:00 0HMAD2P0DVG2J:00000007 [INF] Executed action "CRMLibrary.UI.Controllers.AuthController.LogIn (CRMLibrary.UI)" in 18.9274ms (afa2e885)
2021-07-22T16:41:17.4100535+03:00 0HMAD2P0DVG2J:00000007 [INF] Request finished in 30.6078ms 302  (791a596a)
2021-07-22T16:41:17.4139593+03:00 0HMAD2P0DVG2K:00000007 [INF] Request starting HTTP/1.1 GET http://localhost:44355/userinfo   (ca22a1cb)
2021-07-22T16:41:17.4158446+03:00 0HMAD2P0DVG2K:00000007 [INF] Route matched with "{action = \"UserInformation\", controller = \"Home\"}". Executing controller action with signature "Microsoft.AspNetCore.Mvc.IActionResult UserInformation()" on controller "CRMLibrary.UI.Controllers.HomeController" ("CRMLibrary.UI"). (122b2fdf)
2021-07-22T16:41:17.4176359+03:00 0HMAD2P0DVG2K:00000007 [INF] Authorization was successful. (0d575a54)
2021-07-22T16:41:17.4190084+03:00 0HMAD2P0DVG2K:00000007 [INF] Executing action method "CRMLibrary.UI.Controllers.HomeController.UserInformation (CRMLibrary.UI)" - Validation state: Valid (dad538d7)
2021-07-22T16:41:17.4297840+03:00 0HMAD2P0DVG2K:00000007 [INF] Executed action method "CRMLibrary.UI.Controllers.HomeController.UserInformation (CRMLibrary.UI)", returned result "Microsoft.AspNetCore.Mvc.ViewResult" in 8.9491ms. (50a9e262)
2021-07-22T16:41:17.4315508+03:00 0HMAD2P0DVG2K:00000007 [INF] Executing ViewResult, running view "UserInformation". (c83d0e25)
2021-07-22T16:41:17.4345244+03:00 0HMAD2P0DVG2K:00000007 [INF] Executed ViewResult - view "UserInformation" executed in 2.5787ms. (f66409e9)
2021-07-22T16:41:17.4366951+03:00 0HMAD2P0DVG2K:00000007 [INF] Executed action "CRMLibrary.UI.Controllers.HomeController.UserInformation (CRMLibrary.UI)" in 18.7608ms (afa2e885)
2021-07-22T16:41:17.4386603+03:00 0HMAD2P0DVG2K:00000007 [INF] Request finished in 24.5836ms 200 text/html; charset=utf-8 (791a596a)
2021-07-22T16:41:27.0785467+03:00 0HMAD2P0DVG2J:00000008 [INF] Request starting HTTP/1.1 GET http://localhost:44355/   (ca22a1cb)
2021-07-22T16:41:27.0820787+03:00 0HMAD2P0DVG2J:00000008 [INF] Route matched with "{action = \"Index\", controller = \"Home\"}". Executing controller action with signature "Microsoft.AspNetCore.Mvc.IActionResult Index()" on controller "CRMLibrary.UI.Controllers.HomeController" ("CRMLibrary.UI"). (122b2fdf)
2021-07-22T16:41:27.0851939+03:00 0HMAD2P0DVG2J:00000008 [INF] Executing action method "CRMLibrary.UI.Controllers.HomeController.Index (CRMLibrary.UI)" - Validation state: Valid (dad538d7)
2021-07-22T16:41:27.0975655+03:00 0HMAD2P0DVG2J:00000008 [INF] Executed action method "CRMLibrary.UI.Controllers.HomeController.Index (CRMLibrary.UI)", returned result "Microsoft.AspNetCore.Mvc.ViewResult" in 10.0503ms. (50a9e262)
2021-07-22T16:41:27.0993941+03:00 0HMAD2P0DVG2J:00000008 [INF] Executing ViewResult, running view "Index". (c83d0e25)
2021-07-22T16:41:27.1026634+03:00 0HMAD2P0DVG2J:00000008 [INF] Executed ViewResult - view "Index" executed in 2.531ms. (f66409e9)
2021-07-22T16:41:27.1044056+03:00 0HMAD2P0DVG2J:00000008 [INF] Executed action "CRMLibrary.UI.Controllers.HomeController.Index (CRMLibrary.UI)" in 20.5555ms (afa2e885)
2021-07-22T16:41:27.1067991+03:00 0HMAD2P0DVG2J:00000008 [INF] Request finished in 30.0345ms 200 text/html; charset=utf-8 (791a596a)
