2021-07-20T14:57:47.8778286+03:00  [INF] User profile is available. Using '"C:\Users\iivasc\AppData\Local\ASP.NET\DataProtection-Keys"' as key repository and Windows DPAPI to encrypt keys at rest. (7ac5e29c)
2021-07-20T14:57:48.6716993+03:00 0HMABEMC2NHF8:00000001 [INF] Request starting HTTP/1.1 DEBUG http://localhost:60968/  0 (ca22a1cb)
2021-07-20T14:57:48.6716994+03:00 0HMABEMC2NHF7:00000001 [INF] Request starting HTTP/1.1 GET http://localhost:44355/   (ca22a1cb)
2021-07-20T14:57:48.7070553+03:00 0HMABEMC2NHF8:00000001 [INF] Request finished in 38.1473ms 200  (791a596a)
2021-07-20T14:57:48.8502311+03:00 0HMABEMC2NHF7:00000001 [INF] Route matched with "{action = \"Index\", controller = \"Home\"}". Executing controller action with signature "Microsoft.AspNetCore.Mvc.IActionResult Index()" on controller "CRMLibrary.UI.Controllers.HomeController" ("CRMLibrary.UI"). (122b2fdf)
2021-07-20T14:57:48.9400642+03:00 0HMABEMC2NHF7:00000001 [INF] Executing action method "CRMLibrary.UI.Controllers.HomeController.Index (CRMLibrary.UI)" - Validation state: Valid (dad538d7)
2021-07-20T14:57:49.6266341+03:00 0HMABEMC2NHF7:00000001 [INF] Executed action method "CRMLibrary.UI.Controllers.HomeController.Index (CRMLibrary.UI)", returned result "Microsoft.AspNetCore.Mvc.ViewResult" in 681.6922ms. (50a9e262)
2021-07-20T14:57:49.6456872+03:00 0HMABEMC2NHF7:00000001 [INF] Executing ViewResult, running view "Index". (c83d0e25)
2021-07-20T14:57:49.7181923+03:00 0HMABEMC2NHF7:00000001 [INF] Executed ViewResult - view "Index" executed in 82.6336ms. (f66409e9)
2021-07-20T14:57:49.7209612+03:00 0HMABEMC2NHF7:00000001 [INF] Executed action "CRMLibrary.UI.Controllers.HomeController.Index (CRMLibrary.UI)" in 868.1116ms (afa2e885)
2021-07-20T14:57:49.7321255+03:00 0HMABEMC2NHF7:00000001 [INF] Request finished in 1062.3434ms 200 text/html; charset=utf-8 (791a596a)
2021-07-20T14:57:57.9194470+03:00 0HMABEMC2NHF8:00000002 [INF] Request starting HTTP/1.1 GET http://localhost:44355/login   (ca22a1cb)
2021-07-20T14:57:57.9261329+03:00 0HMABEMC2NHF8:00000002 [INF] Route matched with "{action = \"LogIn\", controller = \"Auth\"}". Executing controller action with signature "Microsoft.AspNetCore.Mvc.IActionResult LogIn()" on controller "CRMLibrary.UI.Controllers.AuthController" ("CRMLibrary.UI"). (122b2fdf)
2021-07-20T14:57:57.9276067+03:00 0HMABEMC2NHF8:00000002 [INF] Executing action method "CRMLibrary.UI.Controllers.AuthController.LogIn (CRMLibrary.UI)" - Validation state: Valid (dad538d7)
2021-07-20T14:57:57.9290398+03:00 0HMABEMC2NHF8:00000002 [INF] Executed action method "CRMLibrary.UI.Controllers.AuthController.LogIn (CRMLibrary.UI)", returned result "Microsoft.AspNetCore.Mvc.ViewResult" in 0.2722ms. (50a9e262)
2021-07-20T14:57:57.9320607+03:00 0HMABEMC2NHF8:00000002 [INF] Executing ViewResult, running view "LogIn". (c83d0e25)
2021-07-20T14:57:57.9643040+03:00 0HMABEMC2NHF8:00000002 [INF] Executed ViewResult - view "LogIn" executed in 33.3292ms. (f66409e9)
2021-07-20T14:57:57.9661822+03:00 0HMABEMC2NHF8:00000002 [INF] Executed action "CRMLibrary.UI.Controllers.AuthController.LogIn (CRMLibrary.UI)" in 38.3025ms (afa2e885)
2021-07-20T14:57:57.9688957+03:00 0HMABEMC2NHF8:00000002 [INF] Request finished in 49.1312ms 200 text/html; charset=utf-8 (791a596a)
2021-07-20T14:58:00.8838986+03:00 0HMABEMC2NHF7:00000002 [INF] Request starting HTTP/1.1 POST http://localhost:44355/login application/x-www-form-urlencoded 222 (ca22a1cb)
2021-07-20T14:58:00.8991783+03:00 0HMABEMC2NHF7:00000002 [INF] Route matched with "{action = \"LogIn\", controller = \"Auth\"}". Executing controller action with signature "System.Threading.Tasks.Task`1[Microsoft.AspNetCore.Mvc.IActionResult] LogIn(CRMLibrary.UI.Models.LogInViewModel)" on controller "CRMLibrary.UI.Controllers.AuthController" ("CRMLibrary.UI"). (122b2fdf)
2021-07-20T14:58:00.9316408+03:00 0HMABEMC2NHF7:00000002 [INF] Executing action method "CRMLibrary.UI.Controllers.AuthController.LogIn (CRMLibrary.UI)" - Validation state: Valid (dad538d7)
2021-07-20T14:58:00.9837891+03:00 0HMABEMC2NHF7:00000002 [INF] AuthenticationScheme: "Cookies" signed in. (c66dd7e7)
2021-07-20T14:58:00.9859759+03:00 0HMABEMC2NHF7:00000002 [INF] Executed action method "CRMLibrary.UI.Controllers.AuthController.LogIn (CRMLibrary.UI)", returned result "Microsoft.AspNetCore.Mvc.RedirectToActionResult" in 52.3978ms. (50a9e262)
2021-07-20T14:58:00.9878414+03:00 0HMABEMC2NHF7:00000002 [INF] Executing RedirectResult, redirecting to "/userinfo". (d98d540e)
2021-07-20T14:58:00.9890763+03:00 0HMABEMC2NHF7:00000002 [INF] Executed action "CRMLibrary.UI.Controllers.AuthController.LogIn (CRMLibrary.UI)" in 88.801ms (afa2e885)
2021-07-20T14:58:00.9907093+03:00 0HMABEMC2NHF7:00000002 [INF] Request finished in 106.8335ms 302  (791a596a)
2021-07-20T14:58:00.9937672+03:00 0HMABEMC2NHF8:00000003 [INF] Request starting HTTP/1.1 GET http://localhost:44355/userinfo   (ca22a1cb)
2021-07-20T14:58:00.9966149+03:00 0HMABEMC2NHF8:00000003 [INF] Route matched with "{action = \"UserInformation\", controller = \"Home\"}". Executing controller action with signature "Microsoft.AspNetCore.Mvc.IActionResult UserInformation()" on controller "CRMLibrary.UI.Controllers.HomeController" ("CRMLibrary.UI"). (122b2fdf)
2021-07-20T14:58:01.0040635+03:00 0HMABEMC2NHF8:00000003 [INF] Authorization was successful. (0d575a54)
2021-07-20T14:58:01.0054809+03:00 0HMABEMC2NHF8:00000003 [INF] Executing action method "CRMLibrary.UI.Controllers.HomeController.UserInformation (CRMLibrary.UI)" - Validation state: Valid (dad538d7)
2021-07-20T14:58:01.0716337+03:00 0HMABEMC2NHF8:00000003 [INF] Executed action method "CRMLibrary.UI.Controllers.HomeController.UserInformation (CRMLibrary.UI)", returned result "Microsoft.AspNetCore.Mvc.ViewResult" in 64.4862ms. (50a9e262)
2021-07-20T14:58:01.0745948+03:00 0HMABEMC2NHF8:00000003 [INF] Executing ViewResult, running view "UserInformation". (c83d0e25)
2021-07-20T14:58:01.0982597+03:00 0HMABEMC2NHF8:00000003 [INF] Executed ViewResult - view "UserInformation" executed in 24.75ms. (f66409e9)
2021-07-20T14:58:01.1004221+03:00 0HMABEMC2NHF8:00000003 [INF] Executed action "CRMLibrary.UI.Controllers.HomeController.UserInformation (CRMLibrary.UI)" in 101.6965ms (afa2e885)
2021-07-20T14:58:01.1025688+03:00 0HMABEMC2NHF8:00000003 [INF] Request finished in 108.0376ms 200 text/html; charset=utf-8 (791a596a)
2021-07-20T14:58:02.3203306+03:00 0HMABEMC2NHF7:00000003 [INF] Request starting HTTP/1.1 GET http://localhost:44355/   (ca22a1cb)
2021-07-20T14:58:02.3229425+03:00 0HMABEMC2NHF7:00000003 [INF] Route matched with "{action = \"Index\", controller = \"Home\"}". Executing controller action with signature "Microsoft.AspNetCore.Mvc.IActionResult Index()" on controller "CRMLibrary.UI.Controllers.HomeController" ("CRMLibrary.UI"). (122b2fdf)
2021-07-20T14:58:02.3241738+03:00 0HMABEMC2NHF7:00000003 [INF] Executing action method "CRMLibrary.UI.Controllers.HomeController.Index (CRMLibrary.UI)" - Validation state: Valid (dad538d7)
2021-07-20T14:58:02.3343933+03:00 0HMABEMC2NHF7:00000003 [INF] Executed action method "CRMLibrary.UI.Controllers.HomeController.Index (CRMLibrary.UI)", returned result "Microsoft.AspNetCore.Mvc.ViewResult" in 8.7207ms. (50a9e262)
2021-07-20T14:58:02.3371478+03:00 0HMABEMC2NHF7:00000003 [INF] Executing ViewResult, running view "Index". (c83d0e25)
2021-07-20T14:58:02.3429940+03:00 0HMABEMC2NHF7:00000003 [INF] Executed ViewResult - view "Index" executed in 7.0451ms. (f66409e9)
2021-07-20T14:58:02.3444193+03:00 0HMABEMC2NHF7:00000003 [INF] Executed action "CRMLibrary.UI.Controllers.HomeController.Index (CRMLibrary.UI)" in 20.0797ms (afa2e885)
2021-07-20T14:58:02.3469664+03:00 0HMABEMC2NHF7:00000003 [INF] Request finished in 26.0256ms 200 text/html; charset=utf-8 (791a596a)
2021-07-20T14:58:03.6511061+03:00 0HMABEMC2NHF8:00000004 [INF] Request starting HTTP/1.1 GET http://localhost:44355/Home/Edit/1   (ca22a1cb)
2021-07-20T14:58:03.6555754+03:00 0HMABEMC2NHF8:00000004 [INF] Route matched with "{action = \"Edit\", controller = \"Home\"}". Executing controller action with signature "Microsoft.AspNetCore.Mvc.IActionResult Edit(System.Nullable`1[System.Int32])" on controller "CRMLibrary.UI.Controllers.HomeController" ("CRMLibrary.UI"). (122b2fdf)
2021-07-20T14:58:03.6573804+03:00 0HMABEMC2NHF8:00000004 [INF] Authorization was successful. (0d575a54)
2021-07-20T14:58:03.6593422+03:00 0HMABEMC2NHF8:00000004 [INF] Executing action method "CRMLibrary.UI.Controllers.HomeController.Edit (CRMLibrary.UI)" - Validation state: Valid (dad538d7)
2021-07-20T14:58:03.6847347+03:00 0HMABEMC2NHF8:00000004 [INF] Executed action method "CRMLibrary.UI.Controllers.HomeController.Edit (CRMLibrary.UI)", returned result "Microsoft.AspNetCore.Mvc.ViewResult" in 23.5216ms. (50a9e262)
2021-07-20T14:58:03.6904055+03:00 0HMABEMC2NHF8:00000004 [INF] Executing ViewResult, running view "Edit". (c83d0e25)
2021-07-20T14:58:03.7187686+03:00 0HMABEMC2NHF8:00000004 [INF] Executed ViewResult - view "Edit" executed in 31.9285ms. (f66409e9)
2021-07-20T14:58:03.7210674+03:00 0HMABEMC2NHF8:00000004 [INF] Executed action "CRMLibrary.UI.Controllers.HomeController.Edit (CRMLibrary.UI)" in 63.2175ms (afa2e885)
2021-07-20T14:58:03.7236789+03:00 0HMABEMC2NHF8:00000004 [INF] Request finished in 72.2793ms 200 text/html; charset=utf-8 (791a596a)
2021-07-20T14:58:07.0665360+03:00 0HMABEMC2NHF7:00000004 [INF] Request starting HTTP/1.1 POST http://localhost:44355/Home/Edit/1 application/x-www-form-urlencoded 512 (ca22a1cb)
2021-07-20T14:58:07.0729204+03:00 0HMABEMC2NHF7:00000004 [INF] Route matched with "{action = \"Edit\", controller = \"Home\"}". Executing controller action with signature "Microsoft.AspNetCore.Mvc.IActionResult Edit(CRMLibrary.UI.Models.BookViewModel)" on controller "CRMLibrary.UI.Controllers.HomeController" ("CRMLibrary.UI"). (122b2fdf)
2021-07-20T14:58:07.0743759+03:00 0HMABEMC2NHF7:00000004 [INF] Authorization was successful. (0d575a54)
2021-07-20T14:58:07.0776997+03:00 0HMABEMC2NHF7:00000004 [INF] Executing action method "CRMLibrary.UI.Controllers.HomeController.Edit (CRMLibrary.UI)" - Validation state: Valid (dad538d7)
2021-07-20T14:58:07.1386459+03:00 0HMABEMC2NHF7:00000004 [INF] Edited book with id = 1. (d2a7fac5)
2021-07-20T14:58:07.1401639+03:00 0HMABEMC2NHF7:00000004 [INF] Executed action method "CRMLibrary.UI.Controllers.HomeController.Edit (CRMLibrary.UI)", returned result "Microsoft.AspNetCore.Mvc.RedirectToActionResult" in 61.0193ms. (50a9e262)
2021-07-20T14:58:07.1415939+03:00 0HMABEMC2NHF7:00000004 [INF] Executing RedirectResult, redirecting to "/". (d98d540e)
2021-07-20T14:58:07.1429911+03:00 0HMABEMC2NHF7:00000004 [INF] Executed action "CRMLibrary.UI.Controllers.HomeController.Edit (CRMLibrary.UI)" in 68.7043ms (afa2e885)
2021-07-20T14:58:07.1447387+03:00 0HMABEMC2NHF7:00000004 [INF] Request finished in 78.367ms 302  (791a596a)
2021-07-20T14:58:07.1478021+03:00 0HMABEMC2NHF8:00000005 [INF] Request starting HTTP/1.1 GET http://localhost:44355/   (ca22a1cb)
2021-07-20T14:58:07.1495698+03:00 0HMABEMC2NHF8:00000005 [INF] Route matched with "{action = \"Index\", controller = \"Home\"}". Executing controller action with signature "Microsoft.AspNetCore.Mvc.IActionResult Index()" on controller "CRMLibrary.UI.Controllers.HomeController" ("CRMLibrary.UI"). (122b2fdf)
2021-07-20T14:58:07.1511874+03:00 0HMABEMC2NHF8:00000005 [INF] Executing action method "CRMLibrary.UI.Controllers.HomeController.Index (CRMLibrary.UI)" - Validation state: Valid (dad538d7)
2021-07-20T14:58:07.1591948+03:00 0HMABEMC2NHF8:00000005 [INF] Executed action method "CRMLibrary.UI.Controllers.HomeController.Index (CRMLibrary.UI)", returned result "Microsoft.AspNetCore.Mvc.ViewResult" in 6.4381ms. (50a9e262)
2021-07-20T14:58:07.1606350+03:00 0HMABEMC2NHF8:00000005 [INF] Executing ViewResult, running view "Index". (c83d0e25)
2021-07-20T14:58:07.1638976+03:00 0HMABEMC2NHF8:00000005 [INF] Executed ViewResult - view "Index" executed in 2.1237ms. (f66409e9)
2021-07-20T14:58:07.1665349+03:00 0HMABEMC2NHF8:00000005 [INF] Executed action "CRMLibrary.UI.Controllers.HomeController.Index (CRMLibrary.UI)" in 14.3579ms (afa2e885)
2021-07-20T14:58:07.1688868+03:00 0HMABEMC2NHF8:00000005 [INF] Request finished in 20.2601ms 200 text/html; charset=utf-8 (791a596a)
2021-07-20T14:58:09.1857254+03:00 0HMABEMC2NHF7:00000005 [INF] Request starting HTTP/1.1 GET http://localhost:44355/   (ca22a1cb)
2021-07-20T14:58:09.1887530+03:00 0HMABEMC2NHF7:00000005 [INF] Route matched with "{action = \"Index\", controller = \"Home\"}". Executing controller action with signature "Microsoft.AspNetCore.Mvc.IActionResult Index()" on controller "CRMLibrary.UI.Controllers.HomeController" ("CRMLibrary.UI"). (122b2fdf)
2021-07-20T14:58:09.1907951+03:00 0HMABEMC2NHF7:00000005 [INF] Executing action method "CRMLibrary.UI.Controllers.HomeController.Index (CRMLibrary.UI)" - Validation state: Valid (dad538d7)
2021-07-20T14:58:09.1982453+03:00 0HMABEMC2NHF7:00000005 [INF] Executed action method "CRMLibrary.UI.Controllers.HomeController.Index (CRMLibrary.UI)", returned result "Microsoft.AspNetCore.Mvc.ViewResult" in 5.9096ms. (50a9e262)
2021-07-20T14:58:09.1997457+03:00 0HMABEMC2NHF7:00000005 [INF] Executing ViewResult, running view "Index". (c83d0e25)
2021-07-20T14:58:09.2030346+03:00 0HMABEMC2NHF7:00000005 [INF] Executed ViewResult - view "Index" executed in 2.0004ms. (f66409e9)
2021-07-20T14:58:09.2051889+03:00 0HMABEMC2NHF7:00000005 [INF] Executed action "CRMLibrary.UI.Controllers.HomeController.Index (CRMLibrary.UI)" in 14.7321ms (afa2e885)
2021-07-20T14:58:09.2078336+03:00 0HMABEMC2NHF7:00000005 [INF] Request finished in 22.6469ms 200 text/html; charset=utf-8 (791a596a)
