2021-07-19T08:41:44.4564823+03:00  [INF] User profile is available. Using '"C:\Users\iivasc\AppData\Local\ASP.NET\DataProtection-Keys"' as key repository and Windows DPAPI to encrypt keys at rest. (7ac5e29c)
2021-07-19T08:41:44.9558514+03:00 0HMAAEVIBOPUU:00000001 [INF] Request starting HTTP/1.1 DEBUG http://localhost:60968/  0 (ca22a1cb)
2021-07-19T08:41:44.9558515+03:00 0HMAAEVIBOPUT:00000001 [INF] Request starting HTTP/1.1 GET http://localhost:44355/   (ca22a1cb)
2021-07-19T08:41:44.9924804+03:00 0HMAAEVIBOPUU:00000001 [INF] Request finished in 39.0726ms 200  (791a596a)
2021-07-19T08:41:45.1403614+03:00 0HMAAEVIBOPUT:00000001 [INF] Route matched with "{action = \"Index\", controller = \"Home\"}". Executing controller action with signature "Microsoft.AspNetCore.Mvc.IActionResult Index()" on controller "CRMLibrary.UI.Controllers.HomeController" ("CRMLibrary.UI"). (122b2fdf)
2021-07-19T08:41:45.2265608+03:00 0HMAAEVIBOPUT:00000001 [INF] Executing action method "CRMLibrary.UI.Controllers.HomeController.Index (CRMLibrary.UI)" - Validation state: Valid (dad538d7)
2021-07-19T08:41:45.9106758+03:00 0HMAAEVIBOPUT:00000001 [INF] Executed action method "CRMLibrary.UI.Controllers.HomeController.Index (CRMLibrary.UI)", returned result "Microsoft.AspNetCore.Mvc.ViewResult" in 678.5922ms. (50a9e262)
2021-07-19T08:41:45.9330257+03:00 0HMAAEVIBOPUT:00000001 [INF] Executing ViewResult, running view "Index". (c83d0e25)
2021-07-19T08:41:46.0086491+03:00 0HMAAEVIBOPUT:00000001 [INF] Executed ViewResult - view "Index" executed in 89.0531ms. (f66409e9)
2021-07-19T08:41:46.0113110+03:00 0HMAAEVIBOPUT:00000001 [INF] Executed action "CRMLibrary.UI.Controllers.HomeController.Index (CRMLibrary.UI)" in 868.5633ms (afa2e885)
2021-07-19T08:41:46.0217689+03:00 0HMAAEVIBOPUT:00000001 [INF] Request finished in 1067.9081ms 200 text/html; charset=utf-8 (791a596a)
2021-07-19T08:41:46.0302597+03:00 0HMAAEVIBOPUU:00000002 [INF] Request starting HTTP/1.1 GET http://localhost:44355/css/site.css   (ca22a1cb)
2021-07-19T08:41:46.0310126+03:00 0HMAAEVIBOPUT:00000002 [INF] Request starting HTTP/1.1 GET http://localhost:44355/lib/bootstrap/dist/css/bootstrap.css   (ca22a1cb)
2021-07-19T08:41:46.0397855+03:00 0HMAAEVIBOPUU:00000002 [INF] The file "/css/site.css" was not modified (f1f8d725)
2021-07-19T08:41:46.0404525+03:00 0HMAAEVIBOPUT:00000002 [INF] The file "/lib/bootstrap/dist/css/bootstrap.css" was not modified (f1f8d725)
2021-07-19T08:41:46.0440567+03:00 0HMAAEVIBOPUT:00000002 [INF] Request finished in 13.7964ms 304 text/css (791a596a)
2021-07-19T08:41:46.0449585+03:00 0HMAAEVIBOPUU:00000002 [INF] Request finished in 13.7964ms 304 text/css (791a596a)
2021-07-19T08:41:47.5123196+03:00 0HMAAEVIBOPUT:00000003 [INF] Request starting HTTP/1.1 GET http://localhost:44355/login   (ca22a1cb)
2021-07-19T08:41:47.5179173+03:00 0HMAAEVIBOPUT:00000003 [INF] Route matched with "{action = \"LogIn\", controller = \"Auth\"}". Executing controller action with signature "Microsoft.AspNetCore.Mvc.IActionResult LogIn()" on controller "CRMLibrary.UI.Controllers.AuthController" ("CRMLibrary.UI"). (122b2fdf)
2021-07-19T08:41:47.5209409+03:00 0HMAAEVIBOPUT:00000003 [INF] Executing action method "CRMLibrary.UI.Controllers.AuthController.LogIn (CRMLibrary.UI)" - Validation state: Valid (dad538d7)
2021-07-19T08:41:47.5233428+03:00 0HMAAEVIBOPUT:00000003 [INF] Executed action method "CRMLibrary.UI.Controllers.AuthController.LogIn (CRMLibrary.UI)", returned result "Microsoft.AspNetCore.Mvc.ViewResult" in 0.9781ms. (50a9e262)
2021-07-19T08:41:47.5264408+03:00 0HMAAEVIBOPUT:00000003 [INF] Executing ViewResult, running view "LogIn". (c83d0e25)
2021-07-19T08:41:47.5502361+03:00 0HMAAEVIBOPUT:00000003 [INF] Executed ViewResult - view "LogIn" executed in 25.2269ms. (f66409e9)
2021-07-19T08:41:47.5518806+03:00 0HMAAEVIBOPUT:00000003 [INF] Executed action "CRMLibrary.UI.Controllers.AuthController.LogIn (CRMLibrary.UI)" in 32.4455ms (afa2e885)
2021-07-19T08:41:47.5564024+03:00 0HMAAEVIBOPUT:00000003 [INF] Request finished in 42.4767ms 200 text/html; charset=utf-8 (791a596a)
2021-07-19T08:41:50.7692556+03:00 0HMAAEVIBOPUU:00000003 [INF] Request starting HTTP/1.1 POST http://localhost:44355/login application/x-www-form-urlencoded 222 (ca22a1cb)
2021-07-19T08:41:50.7837925+03:00 0HMAAEVIBOPUU:00000003 [INF] Route matched with "{action = \"LogIn\", controller = \"Auth\"}". Executing controller action with signature "System.Threading.Tasks.Task`1[Microsoft.AspNetCore.Mvc.IActionResult] LogIn(CRMLibrary.UI.Models.LogInViewModel)" on controller "CRMLibrary.UI.Controllers.AuthController" ("CRMLibrary.UI"). (122b2fdf)
2021-07-19T08:41:50.8159595+03:00 0HMAAEVIBOPUU:00000003 [INF] Executing action method "CRMLibrary.UI.Controllers.AuthController.LogIn (CRMLibrary.UI)" - Validation state: Valid (dad538d7)
2021-07-19T08:41:50.8663899+03:00 0HMAAEVIBOPUU:00000003 [INF] AuthenticationScheme: "Cookies" signed in. (c66dd7e7)
2021-07-19T08:41:50.8689235+03:00 0HMAAEVIBOPUU:00000003 [INF] Executed action method "CRMLibrary.UI.Controllers.AuthController.LogIn (CRMLibrary.UI)", returned result "Microsoft.AspNetCore.Mvc.RedirectToActionResult" in 50.7336ms. (50a9e262)
2021-07-19T08:41:50.8712429+03:00 0HMAAEVIBOPUU:00000003 [INF] Executing RedirectResult, redirecting to "/userinfo". (d98d540e)
2021-07-19T08:41:50.8724497+03:00 0HMAAEVIBOPUU:00000003 [INF] Executed action "CRMLibrary.UI.Controllers.AuthController.LogIn (CRMLibrary.UI)" in 87.5957ms (afa2e885)
2021-07-19T08:41:50.8737921+03:00 0HMAAEVIBOPUU:00000003 [INF] Request finished in 104.8346ms 302  (791a596a)
2021-07-19T08:41:50.8766965+03:00 0HMAAEVIBOPUT:00000004 [INF] Request starting HTTP/1.1 GET http://localhost:44355/userinfo   (ca22a1cb)
2021-07-19T08:41:50.8795477+03:00 0HMAAEVIBOPUT:00000004 [INF] Route matched with "{action = \"UserInformation\", controller = \"Home\"}". Executing controller action with signature "Microsoft.AspNetCore.Mvc.IActionResult UserInformation()" on controller "CRMLibrary.UI.Controllers.HomeController" ("CRMLibrary.UI"). (122b2fdf)
2021-07-19T08:41:50.8868428+03:00 0HMAAEVIBOPUT:00000004 [INF] Authorization was successful. (0d575a54)
2021-07-19T08:41:50.8882060+03:00 0HMAAEVIBOPUT:00000004 [INF] Executing action method "CRMLibrary.UI.Controllers.HomeController.UserInformation (CRMLibrary.UI)" - Validation state: Valid (dad538d7)
2021-07-19T08:41:50.9538667+03:00 0HMAAEVIBOPUT:00000004 [INF] Executed action method "CRMLibrary.UI.Controllers.HomeController.UserInformation (CRMLibrary.UI)", returned result "Microsoft.AspNetCore.Mvc.ViewResult" in 63.4502ms. (50a9e262)
2021-07-19T08:41:50.9579538+03:00 0HMAAEVIBOPUT:00000004 [INF] Executing ViewResult, running view "UserInformation". (c83d0e25)
2021-07-19T08:41:50.9776535+03:00 0HMAAEVIBOPUT:00000004 [INF] Executed ViewResult - view "UserInformation" executed in 21.6772ms. (f66409e9)
2021-07-19T08:41:50.9796994+03:00 0HMAAEVIBOPUT:00000004 [INF] Executed action "CRMLibrary.UI.Controllers.HomeController.UserInformation (CRMLibrary.UI)" in 98.1579ms (afa2e885)
2021-07-19T08:41:50.9812680+03:00 0HMAAEVIBOPUT:00000004 [INF] Request finished in 104.3015ms 200 text/html; charset=utf-8 (791a596a)
2021-07-19T08:41:54.5557450+03:00 0HMAAEVIBOPUU:00000004 [INF] Request starting HTTP/1.1 GET http://localhost:44355/   (ca22a1cb)
2021-07-19T08:41:54.5584311+03:00 0HMAAEVIBOPUU:00000004 [INF] Route matched with "{action = \"Index\", controller = \"Home\"}". Executing controller action with signature "Microsoft.AspNetCore.Mvc.IActionResult Index()" on controller "CRMLibrary.UI.Controllers.HomeController" ("CRMLibrary.UI"). (122b2fdf)
2021-07-19T08:41:54.5628080+03:00 0HMAAEVIBOPUU:00000004 [INF] Executing action method "CRMLibrary.UI.Controllers.HomeController.Index (CRMLibrary.UI)" - Validation state: Valid (dad538d7)
2021-07-19T08:41:54.5705562+03:00 0HMAAEVIBOPUU:00000004 [INF] Executed action method "CRMLibrary.UI.Controllers.HomeController.Index (CRMLibrary.UI)", returned result "Microsoft.AspNetCore.Mvc.ViewResult" in 5.6806ms. (50a9e262)
2021-07-19T08:41:54.5717297+03:00 0HMAAEVIBOPUU:00000004 [INF] Executing ViewResult, running view "Index". (c83d0e25)
2021-07-19T08:41:54.5765771+03:00 0HMAAEVIBOPUU:00000004 [INF] Executed ViewResult - view "Index" executed in 4.628ms. (f66409e9)
2021-07-19T08:41:54.5782228+03:00 0HMAAEVIBOPUU:00000004 [INF] Executed action "CRMLibrary.UI.Controllers.HomeController.Index (CRMLibrary.UI)" in 18.1679ms (afa2e885)
2021-07-19T08:41:54.5804705+03:00 0HMAAEVIBOPUU:00000004 [INF] Request finished in 24.1112ms 200 text/html; charset=utf-8 (791a596a)
2021-07-19T08:41:56.3483944+03:00 0HMAAEVIBOPUT:00000005 [INF] Request starting HTTP/1.1 GET http://localhost:44355/Home/Edit/1   (ca22a1cb)
2021-07-19T08:41:56.3523778+03:00 0HMAAEVIBOPUT:00000005 [INF] Route matched with "{action = \"Edit\", controller = \"Home\"}". Executing controller action with signature "Microsoft.AspNetCore.Mvc.IActionResult Edit(System.Nullable`1[System.Int32])" on controller "CRMLibrary.UI.Controllers.HomeController" ("CRMLibrary.UI"). (122b2fdf)
2021-07-19T08:41:56.3550240+03:00 0HMAAEVIBOPUT:00000005 [INF] Authorization was successful. (0d575a54)
2021-07-19T08:41:56.3599028+03:00 0HMAAEVIBOPUT:00000005 [INF] Executing action method "CRMLibrary.UI.Controllers.HomeController.Edit (CRMLibrary.UI)" - Validation state: Valid (dad538d7)
2021-07-19T08:41:56.3891914+03:00 0HMAAEVIBOPUT:00000005 [INF] Executed action method "CRMLibrary.UI.Controllers.HomeController.Edit (CRMLibrary.UI)", returned result "Microsoft.AspNetCore.Mvc.ViewResult" in 26.8552ms. (50a9e262)
2021-07-19T08:41:56.3923072+03:00 0HMAAEVIBOPUT:00000005 [INF] Executing ViewResult, running view "Edit". (c83d0e25)
2021-07-19T08:41:56.4220207+03:00 0HMAAEVIBOPUT:00000005 [INF] Executed ViewResult - view "Edit" executed in 31.1912ms. (f66409e9)
2021-07-19T08:41:56.4237427+03:00 0HMAAEVIBOPUT:00000005 [INF] Executed action "CRMLibrary.UI.Controllers.HomeController.Edit (CRMLibrary.UI)" in 69.6036ms (afa2e885)
2021-07-19T08:41:56.4258040+03:00 0HMAAEVIBOPUT:00000005 [INF] Request finished in 77.2911ms 200 text/html; charset=utf-8 (791a596a)
2021-07-19T08:42:29.3359707+03:00  [INF] User profile is available. Using '"C:\Users\iivasc\AppData\Local\ASP.NET\DataProtection-Keys"' as key repository and Windows DPAPI to encrypt keys at rest. (7ac5e29c)
2021-07-19T08:42:29.7845061+03:00 0HMAAEVVNBA8F:00000001 [INF] Request starting HTTP/1.1 DEBUG http://localhost:60968/  0 (ca22a1cb)
2021-07-19T08:42:29.7845061+03:00 0HMAAEVVNBA8E:00000001 [INF] Request starting HTTP/1.1 GET http://localhost:44355/   (ca22a1cb)
2021-07-19T08:42:29.8184305+03:00 0HMAAEVVNBA8F:00000001 [INF] Request finished in 35.6342ms 200  (791a596a)
2021-07-19T08:42:29.9365967+03:00 0HMAAEVVNBA8E:00000001 [INF] Route matched with "{action = \"Index\", controller = \"Home\"}". Executing controller action with signature "Microsoft.AspNetCore.Mvc.IActionResult Index()" on controller "CRMLibrary.UI.Controllers.HomeController" ("CRMLibrary.UI"). (122b2fdf)
2021-07-19T08:42:29.9931739+03:00 0HMAAEVVNBA8E:00000001 [INF] Executing action method "CRMLibrary.UI.Controllers.HomeController.Index (CRMLibrary.UI)" - Validation state: Valid (dad538d7)
2021-07-19T08:42:30.5196850+03:00 0HMAAEVVNBA8E:00000001 [INF] Executed action method "CRMLibrary.UI.Controllers.HomeController.Index (CRMLibrary.UI)", returned result "Microsoft.AspNetCore.Mvc.ViewResult" in 522.8361ms. (50a9e262)
2021-07-19T08:42:30.5381053+03:00 0HMAAEVVNBA8E:00000001 [INF] Executing ViewResult, running view "Index". (c83d0e25)
2021-07-19T08:42:30.6099087+03:00 0HMAAEVVNBA8E:00000001 [INF] Executed ViewResult - view "Index" executed in 76.9306ms. (f66409e9)
2021-07-19T08:42:30.6131745+03:00 0HMAAEVVNBA8E:00000001 [INF] Executed action "CRMLibrary.UI.Controllers.HomeController.Index (CRMLibrary.UI)" in 673.6799ms (afa2e885)
2021-07-19T08:42:30.6256622+03:00 0HMAAEVVNBA8E:00000001 [INF] Request finished in 842.8055ms 200 text/html; charset=utf-8 (791a596a)
2021-07-19T08:42:31.5402494+03:00 0HMAAEVVNBA8F:00000002 [INF] Request starting HTTP/1.1 GET http://localhost:44355/login   (ca22a1cb)
2021-07-19T08:42:31.5457182+03:00 0HMAAEVVNBA8F:00000002 [INF] Route matched with "{action = \"LogIn\", controller = \"Auth\"}". Executing controller action with signature "Microsoft.AspNetCore.Mvc.IActionResult LogIn()" on controller "CRMLibrary.UI.Controllers.AuthController" ("CRMLibrary.UI"). (122b2fdf)
2021-07-19T08:42:31.5473753+03:00 0HMAAEVVNBA8F:00000002 [INF] Executing action method "CRMLibrary.UI.Controllers.AuthController.LogIn (CRMLibrary.UI)" - Validation state: Valid (dad538d7)
2021-07-19T08:42:31.5487294+03:00 0HMAAEVVNBA8F:00000002 [INF] Executed action method "CRMLibrary.UI.Controllers.AuthController.LogIn (CRMLibrary.UI)", returned result "Microsoft.AspNetCore.Mvc.ViewResult" in 0.2677ms. (50a9e262)
2021-07-19T08:42:31.5515667+03:00 0HMAAEVVNBA8F:00000002 [INF] Executing ViewResult, running view "LogIn". (c83d0e25)
2021-07-19T08:42:31.5780541+03:00 0HMAAEVVNBA8F:00000002 [INF] Executed ViewResult - view "LogIn" executed in 27.7645ms. (f66409e9)
2021-07-19T08:42:31.5796396+03:00 0HMAAEVVNBA8F:00000002 [INF] Executed action "CRMLibrary.UI.Controllers.AuthController.LogIn (CRMLibrary.UI)" in 32.4533ms (afa2e885)
2021-07-19T08:42:31.5818561+03:00 0HMAAEVVNBA8F:00000002 [INF] Request finished in 41.5901ms 200 text/html; charset=utf-8 (791a596a)
2021-07-19T08:42:35.3012900+03:00 0HMAAEVVNBA8E:00000002 [INF] Request starting HTTP/1.1 POST http://localhost:44355/login application/x-www-form-urlencoded 222 (ca22a1cb)
2021-07-19T08:42:35.3148174+03:00 0HMAAEVVNBA8E:00000002 [INF] Route matched with "{action = \"LogIn\", controller = \"Auth\"}". Executing controller action with signature "System.Threading.Tasks.Task`1[Microsoft.AspNetCore.Mvc.IActionResult] LogIn(CRMLibrary.UI.Models.LogInViewModel)" on controller "CRMLibrary.UI.Controllers.AuthController" ("CRMLibrary.UI"). (122b2fdf)
2021-07-19T08:42:35.3454834+03:00 0HMAAEVVNBA8E:00000002 [INF] Executing action method "CRMLibrary.UI.Controllers.AuthController.LogIn (CRMLibrary.UI)" - Validation state: Valid (dad538d7)
2021-07-19T08:42:35.3956832+03:00 0HMAAEVVNBA8E:00000002 [INF] AuthenticationScheme: "Cookies" signed in. (c66dd7e7)
2021-07-19T08:42:35.3975110+03:00 0HMAAEVVNBA8E:00000002 [INF] Executed action method "CRMLibrary.UI.Controllers.AuthController.LogIn (CRMLibrary.UI)", returned result "Microsoft.AspNetCore.Mvc.RedirectToActionResult" in 50.4149ms. (50a9e262)
2021-07-19T08:42:35.3992605+03:00 0HMAAEVVNBA8E:00000002 [INF] Executing RedirectResult, redirecting to "/userinfo". (d98d540e)
2021-07-19T08:42:35.4007600+03:00 0HMAAEVVNBA8E:00000002 [INF] Executed action "CRMLibrary.UI.Controllers.AuthController.LogIn (CRMLibrary.UI)" in 84.6032ms (afa2e885)
2021-07-19T08:42:35.4041637+03:00 0HMAAEVVNBA8E:00000002 [INF] Request finished in 101.312ms 302  (791a596a)
2021-07-19T08:42:35.4078395+03:00 0HMAAEVVNBA8F:00000003 [INF] Request starting HTTP/1.1 GET http://localhost:44355/userinfo   (ca22a1cb)
2021-07-19T08:42:35.4120621+03:00 0HMAAEVVNBA8F:00000003 [INF] Route matched with "{action = \"UserInformation\", controller = \"Home\"}". Executing controller action with signature "Microsoft.AspNetCore.Mvc.IActionResult UserInformation()" on controller "CRMLibrary.UI.Controllers.HomeController" ("CRMLibrary.UI"). (122b2fdf)
2021-07-19T08:42:35.4205606+03:00 0HMAAEVVNBA8F:00000003 [INF] Authorization was successful. (0d575a54)
2021-07-19T08:42:35.4223493+03:00 0HMAAEVVNBA8F:00000003 [INF] Executing action method "CRMLibrary.UI.Controllers.HomeController.UserInformation (CRMLibrary.UI)" - Validation state: Valid (dad538d7)
2021-07-19T08:42:35.4694134+03:00 0HMAAEVVNBA8F:00000003 [INF] Executed action method "CRMLibrary.UI.Controllers.HomeController.UserInformation (CRMLibrary.UI)", returned result "Microsoft.AspNetCore.Mvc.ViewResult" in 44.9709ms. (50a9e262)
2021-07-19T08:42:35.4737454+03:00 0HMAAEVVNBA8F:00000003 [INF] Executing ViewResult, running view "UserInformation". (c83d0e25)
2021-07-19T08:42:35.4948636+03:00 0HMAAEVVNBA8F:00000003 [INF] Executed ViewResult - view "UserInformation" executed in 23.1824ms. (f66409e9)
2021-07-19T08:42:35.4969325+03:00 0HMAAEVVNBA8F:00000003 [INF] Executed action "CRMLibrary.UI.Controllers.HomeController.UserInformation (CRMLibrary.UI)" in 82.8283ms (afa2e885)
2021-07-19T08:42:35.4983006+03:00 0HMAAEVVNBA8F:00000003 [INF] Request finished in 90.9923ms 200 text/html; charset=utf-8 (791a596a)
2021-07-19T08:42:36.6684127+03:00 0HMAAEVVNBA8E:00000003 [INF] Request starting HTTP/1.1 GET http://localhost:44355/   (ca22a1cb)
2021-07-19T08:42:36.6712344+03:00 0HMAAEVVNBA8E:00000003 [INF] Route matched with "{action = \"Index\", controller = \"Home\"}". Executing controller action with signature "Microsoft.AspNetCore.Mvc.IActionResult Index()" on controller "CRMLibrary.UI.Controllers.HomeController" ("CRMLibrary.UI"). (122b2fdf)
2021-07-19T08:42:36.6725249+03:00 0HMAAEVVNBA8E:00000003 [INF] Executing action method "CRMLibrary.UI.Controllers.HomeController.Index (CRMLibrary.UI)" - Validation state: Valid (dad538d7)
2021-07-19T08:42:36.6797898+03:00 0HMAAEVVNBA8E:00000003 [INF] Executed action method "CRMLibrary.UI.Controllers.HomeController.Index (CRMLibrary.UI)", returned result "Microsoft.AspNetCore.Mvc.ViewResult" in 6.1572ms. (50a9e262)
2021-07-19T08:42:36.6808561+03:00 0HMAAEVVNBA8E:00000003 [INF] Executing ViewResult, running view "Index". (c83d0e25)
2021-07-19T08:42:36.6859329+03:00 0HMAAEVVNBA8E:00000003 [INF] Executed ViewResult - view "Index" executed in 4.4933ms. (f66409e9)
2021-07-19T08:42:36.6883438+03:00 0HMAAEVVNBA8E:00000003 [INF] Executed action "CRMLibrary.UI.Controllers.HomeController.Index (CRMLibrary.UI)" in 14.7244ms (afa2e885)
2021-07-19T08:42:36.6922312+03:00 0HMAAEVVNBA8E:00000003 [INF] Request finished in 21.1883ms 200 text/html; charset=utf-8 (791a596a)
2021-07-19T08:42:38.1955429+03:00 0HMAAEVVNBA8F:00000004 [INF] Request starting HTTP/1.1 GET http://localhost:44355/Home/Edit/1   (ca22a1cb)
2021-07-19T08:42:38.1992385+03:00 0HMAAEVVNBA8F:00000004 [INF] Route matched with "{action = \"Edit\", controller = \"Home\"}". Executing controller action with signature "Microsoft.AspNetCore.Mvc.IActionResult Edit(System.Nullable`1[System.Int32])" on controller "CRMLibrary.UI.Controllers.HomeController" ("CRMLibrary.UI"). (122b2fdf)
2021-07-19T08:42:38.2005727+03:00 0HMAAEVVNBA8F:00000004 [INF] Authorization was successful. (0d575a54)
2021-07-19T08:42:38.2021928+03:00 0HMAAEVVNBA8F:00000004 [INF] Executing action method "CRMLibrary.UI.Controllers.HomeController.Edit (CRMLibrary.UI)" - Validation state: Valid (dad538d7)
2021-07-19T08:42:38.2248306+03:00 0HMAAEVVNBA8F:00000004 [INF] Executed action method "CRMLibrary.UI.Controllers.HomeController.Edit (CRMLibrary.UI)", returned result "Microsoft.AspNetCore.Mvc.ViewResult" in 20.8386ms. (50a9e262)
2021-07-19T08:42:38.2274082+03:00 0HMAAEVVNBA8F:00000004 [INF] Executing ViewResult, running view "Edit". (c83d0e25)
2021-07-19T08:42:38.2585144+03:00 0HMAAEVVNBA8F:00000004 [INF] Executed ViewResult - view "Edit" executed in 31.41ms. (f66409e9)
2021-07-19T08:42:38.2605913+03:00 0HMAAEVVNBA8F:00000004 [INF] Executed action "CRMLibrary.UI.Controllers.HomeController.Edit (CRMLibrary.UI)" in 59.3175ms (afa2e885)
2021-07-19T08:42:38.2626300+03:00 0HMAAEVVNBA8F:00000004 [INF] Request finished in 67.0251ms 200 text/html; charset=utf-8 (791a596a)
2021-07-19T08:44:09.9829567+03:00 0HMAAEVVNBA8G:00000001 [INF] Request starting HTTP/1.1 GET http://localhost:44355/Home/Edit/1   (ca22a1cb)
2021-07-19T08:44:09.9855295+03:00 0HMAAEVVNBA8G:00000001 [INF] Route matched with "{action = \"Edit\", controller = \"Home\"}". Executing controller action with signature "Microsoft.AspNetCore.Mvc.IActionResult Edit(System.Nullable`1[System.Int32])" on controller "CRMLibrary.UI.Controllers.HomeController" ("CRMLibrary.UI"). (122b2fdf)
2021-07-19T08:44:09.9894337+03:00 0HMAAEVVNBA8G:00000001 [INF] Authorization was successful. (0d575a54)
2021-07-19T08:44:09.9934246+03:00 0HMAAEVVNBA8G:00000001 [INF] Executing action method "CRMLibrary.UI.Controllers.HomeController.Edit (CRMLibrary.UI)" - Validation state: Valid (dad538d7)
2021-07-19T08:44:10.0036306+03:00 0HMAAEVVNBA8G:00000001 [INF] Executed action method "CRMLibrary.UI.Controllers.HomeController.Edit (CRMLibrary.UI)", returned result "Microsoft.AspNetCore.Mvc.ViewResult" in 8.5421ms. (50a9e262)
2021-07-19T08:44:11.5786715+03:00 0HMAAEVVNBA8G:00000001 [INF] Executing ViewResult, running view "Edit". (c83d0e25)
2021-07-19T08:44:11.5940958+03:00 0HMAAEVVNBA8G:00000001 [INF] Executed ViewResult - view "Edit" executed in 1587.9376ms. (f66409e9)
2021-07-19T08:44:11.5960022+03:00 0HMAAEVVNBA8G:00000001 [INF] Executed action "CRMLibrary.UI.Controllers.HomeController.Edit (CRMLibrary.UI)" in 1606.1992ms (afa2e885)
2021-07-19T08:44:11.5986590+03:00 0HMAAEVVNBA8G:00000001 [INF] Request finished in 1614.261ms 200 text/html; charset=utf-8 (791a596a)
2021-07-19T08:44:11.6179186+03:00 0HMAAEVVNBA8G:00000002 [INF] Request starting HTTP/1.1 GET http://localhost:44355/favicon.ico   (ca22a1cb)
2021-07-19T08:44:11.6358954+03:00 0HMAAEVVNBA8G:00000002 [INF] Sending file. Request path: '"/favicon.ico"'. Physical path: '"C:\MyPrograms\PetProjects\CRMLibrary\CRMLibrary.UI\wwwroot\favicon.ico"' (27b0a520)
2021-07-19T08:44:11.6398854+03:00 0HMAAEVVNBA8G:00000002 [INF] Request finished in 21.89ms 200 image/x-icon (791a596a)
2021-07-19T08:44:25.2009263+03:00 0HMAAEVVNBA8G:00000003 [INF] Request starting HTTP/1.1 GET http://localhost:44355/Home/Edit/1   (ca22a1cb)
2021-07-19T08:44:25.2036836+03:00 0HMAAEVVNBA8G:00000003 [INF] Route matched with "{action = \"Edit\", controller = \"Home\"}". Executing controller action with signature "Microsoft.AspNetCore.Mvc.IActionResult Edit(System.Nullable`1[System.Int32])" on controller "CRMLibrary.UI.Controllers.HomeController" ("CRMLibrary.UI"). (122b2fdf)
2021-07-19T08:44:25.2055087+03:00 0HMAAEVVNBA8G:00000003 [INF] Authorization was successful. (0d575a54)
2021-07-19T08:44:25.2071096+03:00 0HMAAEVVNBA8G:00000003 [INF] Executing action method "CRMLibrary.UI.Controllers.HomeController.Edit (CRMLibrary.UI)" - Validation state: Valid (dad538d7)
2021-07-19T08:44:25.2131821+03:00 0HMAAEVVNBA8G:00000003 [INF] Executed action method "CRMLibrary.UI.Controllers.HomeController.Edit (CRMLibrary.UI)", returned result "Microsoft.AspNetCore.Mvc.ViewResult" in 4.8929ms. (50a9e262)
2021-07-19T08:44:25.3690743+03:00 0HMAAEVVNBA8G:00000003 [INF] Executing ViewResult, running view "Edit". (c83d0e25)
2021-07-19T08:44:25.3871436+03:00 0HMAAEVVNBA8G:00000003 [INF] Executed ViewResult - view "Edit" executed in 171.5217ms. (f66409e9)
2021-07-19T08:44:25.3895259+03:00 0HMAAEVVNBA8G:00000003 [INF] Executed action "CRMLibrary.UI.Controllers.HomeController.Edit (CRMLibrary.UI)" in 183.6112ms (afa2e885)
2021-07-19T08:44:25.3921496+03:00 0HMAAEVVNBA8G:00000003 [INF] Request finished in 190.9986ms 200 text/html; charset=utf-8 (791a596a)
2021-07-19T08:44:25.4096483+03:00 0HMAAEVVNBA8G:00000004 [INF] Request starting HTTP/1.1 GET http://localhost:44355/favicon.ico   (ca22a1cb)
2021-07-19T08:44:25.4137602+03:00 0HMAAEVVNBA8G:00000004 [INF] Sending file. Request path: '"/favicon.ico"'. Physical path: '"C:\MyPrograms\PetProjects\CRMLibrary\CRMLibrary.UI\wwwroot\favicon.ico"' (27b0a520)
2021-07-19T08:44:25.4158832+03:00 0HMAAEVVNBA8G:00000004 [INF] Request finished in 5.9972ms 200 image/x-icon (791a596a)
2021-07-19T08:45:00.1045333+03:00 0HMAAEVVNBA8G:00000005 [INF] Request starting HTTP/1.1 GET http://localhost:44355/Home/Edit/1   (ca22a1cb)
2021-07-19T08:45:00.1071083+03:00 0HMAAEVVNBA8G:00000005 [INF] Route matched with "{action = \"Edit\", controller = \"Home\"}". Executing controller action with signature "Microsoft.AspNetCore.Mvc.IActionResult Edit(System.Nullable`1[System.Int32])" on controller "CRMLibrary.UI.Controllers.HomeController" ("CRMLibrary.UI"). (122b2fdf)
2021-07-19T08:45:00.1084777+03:00 0HMAAEVVNBA8G:00000005 [INF] Authorization was successful. (0d575a54)
2021-07-19T08:45:00.1098209+03:00 0HMAAEVVNBA8G:00000005 [INF] Executing action method "CRMLibrary.UI.Controllers.HomeController.Edit (CRMLibrary.UI)" - Validation state: Valid (dad538d7)
2021-07-19T08:45:00.1178558+03:00 0HMAAEVVNBA8G:00000005 [INF] Executed action method "CRMLibrary.UI.Controllers.HomeController.Edit (CRMLibrary.UI)", returned result "Microsoft.AspNetCore.Mvc.ViewResult" in 6.5302ms. (50a9e262)
2021-07-19T08:45:00.2938592+03:00 0HMAAEVVNBA8G:00000005 [INF] Executing ViewResult, running view "Edit". (c83d0e25)
2021-07-19T08:45:00.3075069+03:00 0HMAAEVVNBA8G:00000005 [INF] Executed ViewResult - view "Edit" executed in 188.2357ms. (f66409e9)
2021-07-19T08:45:00.3090315+03:00 0HMAAEVVNBA8G:00000005 [INF] Executed action "CRMLibrary.UI.Controllers.HomeController.Edit (CRMLibrary.UI)" in 200.4322ms (afa2e885)
2021-07-19T08:45:00.3114338+03:00 0HMAAEVVNBA8G:00000005 [INF] Request finished in 207.8456ms 200 text/html; charset=utf-8 (791a596a)
2021-07-19T08:45:00.3255721+03:00 0HMAAEVVNBA8G:00000006 [INF] Request starting HTTP/1.1 GET http://localhost:44355/favicon.ico   (ca22a1cb)
2021-07-19T08:45:00.3275785+03:00 0HMAAEVVNBA8G:00000006 [INF] Sending file. Request path: '"/favicon.ico"'. Physical path: '"C:\MyPrograms\PetProjects\CRMLibrary\CRMLibrary.UI\wwwroot\favicon.ico"' (27b0a520)
2021-07-19T08:45:00.3293603+03:00 0HMAAEVVNBA8G:00000006 [INF] Request finished in 3.4299ms 200 image/x-icon (791a596a)
2021-07-19T08:45:09.4247452+03:00 0HMAAEVVNBA8G:00000007 [INF] Request starting HTTP/1.1 GET http://localhost:44355/Home/Edit/1   (ca22a1cb)
2021-07-19T08:45:09.4272162+03:00 0HMAAEVVNBA8G:00000007 [INF] Route matched with "{action = \"Edit\", controller = \"Home\"}". Executing controller action with signature "Microsoft.AspNetCore.Mvc.IActionResult Edit(System.Nullable`1[System.Int32])" on controller "CRMLibrary.UI.Controllers.HomeController" ("CRMLibrary.UI"). (122b2fdf)
2021-07-19T08:45:09.4293096+03:00 0HMAAEVVNBA8G:00000007 [INF] Authorization was successful. (0d575a54)
2021-07-19T08:45:09.4321607+03:00 0HMAAEVVNBA8G:00000007 [INF] Executing action method "CRMLibrary.UI.Controllers.HomeController.Edit (CRMLibrary.UI)" - Validation state: Valid (dad538d7)
2021-07-19T08:45:09.4455944+03:00 0HMAAEVVNBA8G:00000007 [INF] Executed action method "CRMLibrary.UI.Controllers.HomeController.Edit (CRMLibrary.UI)", returned result "Microsoft.AspNetCore.Mvc.ViewResult" in 11.6306ms. (50a9e262)
2021-07-19T08:45:09.5951482+03:00 0HMAAEVVNBA8G:00000007 [INF] Executing ViewResult, running view "Edit". (c83d0e25)
2021-07-19T08:45:09.6163005+03:00 0HMAAEVVNBA8G:00000007 [INF] Executed ViewResult - view "Edit" executed in 168.7045ms. (f66409e9)
2021-07-19T08:45:09.6181797+03:00 0HMAAEVVNBA8G:00000007 [INF] Executed action "CRMLibrary.UI.Controllers.HomeController.Edit (CRMLibrary.UI)" in 189.1124ms (afa2e885)
2021-07-19T08:45:09.6214068+03:00 0HMAAEVVNBA8G:00000007 [INF] Request finished in 195.4902ms 200 text/html; charset=utf-8 (791a596a)
2021-07-19T08:45:09.6418997+03:00 0HMAAEVVNBA8G:00000008 [INF] Request starting HTTP/1.1 GET http://localhost:44355/favicon.ico   (ca22a1cb)
2021-07-19T08:45:09.6453186+03:00 0HMAAEVVNBA8G:00000008 [INF] Sending file. Request path: '"/favicon.ico"'. Physical path: '"C:\MyPrograms\PetProjects\CRMLibrary\CRMLibrary.UI\wwwroot\favicon.ico"' (27b0a520)
2021-07-19T08:45:09.6486328+03:00 0HMAAEVVNBA8G:00000008 [INF] Request finished in 5.3778ms 200 image/x-icon (791a596a)
2021-07-19T08:45:30.5315778+03:00 0HMAAEVVNBA8G:00000009 [INF] Request starting HTTP/1.1 GET http://localhost:44355/Home/Edit/1   (ca22a1cb)
2021-07-19T08:45:30.5330537+03:00 0HMAAEVVNBA8G:00000009 [INF] Route matched with "{action = \"Edit\", controller = \"Home\"}". Executing controller action with signature "Microsoft.AspNetCore.Mvc.IActionResult Edit(System.Nullable`1[System.Int32])" on controller "CRMLibrary.UI.Controllers.HomeController" ("CRMLibrary.UI"). (122b2fdf)
2021-07-19T08:45:30.5344195+03:00 0HMAAEVVNBA8G:00000009 [INF] Authorization was successful. (0d575a54)
2021-07-19T08:45:30.5359020+03:00 0HMAAEVVNBA8G:00000009 [INF] Executing action method "CRMLibrary.UI.Controllers.HomeController.Edit (CRMLibrary.UI)" - Validation state: Valid (dad538d7)
2021-07-19T08:45:30.5431763+03:00 0HMAAEVVNBA8G:00000009 [INF] Executed action method "CRMLibrary.UI.Controllers.HomeController.Edit (CRMLibrary.UI)", returned result "Microsoft.AspNetCore.Mvc.ViewResult" in 6.1118ms. (50a9e262)
2021-07-19T08:45:30.6879884+03:00 0HMAAEVVNBA8G:00000009 [INF] Executing ViewResult, running view "Edit". (c83d0e25)
2021-07-19T08:45:30.7017564+03:00 0HMAAEVVNBA8G:00000009 [INF] Executed ViewResult - view "Edit" executed in 156.8571ms. (f66409e9)
2021-07-19T08:45:30.7040540+03:00 0HMAAEVVNBA8G:00000009 [INF] Executed action "CRMLibrary.UI.Controllers.HomeController.Edit (CRMLibrary.UI)" in 168.8263ms (afa2e885)
2021-07-19T08:45:30.7064217+03:00 0HMAAEVVNBA8G:00000009 [INF] Request finished in 174.7359ms 200 text/html; charset=utf-8 (791a596a)
2021-07-19T08:45:30.7218533+03:00 0HMAAEVVNBA8G:0000000A [INF] Request starting HTTP/1.1 GET http://localhost:44355/favicon.ico   (ca22a1cb)
2021-07-19T08:45:30.7242652+03:00 0HMAAEVVNBA8G:0000000A [INF] Sending file. Request path: '"/favicon.ico"'. Physical path: '"C:\MyPrograms\PetProjects\CRMLibrary\CRMLibrary.UI\wwwroot\favicon.ico"' (27b0a520)
2021-07-19T08:45:30.7261632+03:00 0HMAAEVVNBA8G:0000000A [INF] Request finished in 4.337ms 200 image/x-icon (791a596a)
2021-07-19T08:45:45.8790934+03:00 0HMAAEVVNBA8G:0000000B [INF] Request starting HTTP/1.1 GET http://localhost:44355/Home/Edit/1   (ca22a1cb)
2021-07-19T08:45:45.8815267+03:00 0HMAAEVVNBA8G:0000000B [INF] Route matched with "{action = \"Edit\", controller = \"Home\"}". Executing controller action with signature "Microsoft.AspNetCore.Mvc.IActionResult Edit(System.Nullable`1[System.Int32])" on controller "CRMLibrary.UI.Controllers.HomeController" ("CRMLibrary.UI"). (122b2fdf)
2021-07-19T08:45:45.8829281+03:00 0HMAAEVVNBA8G:0000000B [INF] Authorization was successful. (0d575a54)
2021-07-19T08:45:45.8848548+03:00 0HMAAEVVNBA8G:0000000B [INF] Executing action method "CRMLibrary.UI.Controllers.HomeController.Edit (CRMLibrary.UI)" - Validation state: Valid (dad538d7)
2021-07-19T08:45:45.8932503+03:00 0HMAAEVVNBA8G:0000000B [INF] Executed action method "CRMLibrary.UI.Controllers.HomeController.Edit (CRMLibrary.UI)", returned result "Microsoft.AspNetCore.Mvc.ViewResult" in 7.1071ms. (50a9e262)
2021-07-19T08:45:46.0355384+03:00 0HMAAEVVNBA8G:0000000B [INF] Executing ViewResult, running view "Edit". (c83d0e25)
2021-07-19T08:45:46.0493160+03:00 0HMAAEVVNBA8G:0000000B [INF] Executed ViewResult - view "Edit" executed in 154.3411ms. (f66409e9)
2021-07-19T08:45:46.0508633+03:00 0HMAAEVVNBA8G:0000000B [INF] Executed action "CRMLibrary.UI.Controllers.HomeController.Edit (CRMLibrary.UI)" in 167.7998ms (afa2e885)
2021-07-19T08:45:46.0544812+03:00 0HMAAEVVNBA8G:0000000B [INF] Request finished in 173.4551ms 200 text/html; charset=utf-8 (791a596a)
2021-07-19T08:45:46.0713553+03:00 0HMAAEVVNBA8G:0000000C [INF] Request starting HTTP/1.1 GET http://localhost:44355/favicon.ico   (ca22a1cb)
2021-07-19T08:45:46.0740533+03:00 0HMAAEVVNBA8G:0000000C [INF] Sending file. Request path: '"/favicon.ico"'. Physical path: '"C:\MyPrograms\PetProjects\CRMLibrary\CRMLibrary.UI\wwwroot\favicon.ico"' (27b0a520)
2021-07-19T08:45:46.0773372+03:00 0HMAAEVVNBA8G:0000000C [INF] Request finished in 5.0303ms 200 image/x-icon (791a596a)
2021-07-19T08:45:52.5640129+03:00 0HMAAEVVNBA8G:0000000D [INF] Request starting HTTP/1.1 GET http://localhost:44355/Home/Edit/1   (ca22a1cb)
2021-07-19T08:45:52.5657552+03:00 0HMAAEVVNBA8G:0000000D [INF] Route matched with "{action = \"Edit\", controller = \"Home\"}". Executing controller action with signature "Microsoft.AspNetCore.Mvc.IActionResult Edit(System.Nullable`1[System.Int32])" on controller "CRMLibrary.UI.Controllers.HomeController" ("CRMLibrary.UI"). (122b2fdf)
2021-07-19T08:45:52.5669824+03:00 0HMAAEVVNBA8G:0000000D [INF] Authorization was successful. (0d575a54)
2021-07-19T08:45:52.5687319+03:00 0HMAAEVVNBA8G:0000000D [INF] Executing action method "CRMLibrary.UI.Controllers.HomeController.Edit (CRMLibrary.UI)" - Validation state: Valid (dad538d7)
2021-07-19T08:45:52.5770316+03:00 0HMAAEVVNBA8G:0000000D [INF] Executed action method "CRMLibrary.UI.Controllers.HomeController.Edit (CRMLibrary.UI)", returned result "Microsoft.AspNetCore.Mvc.ViewResult" in 7.0155ms. (50a9e262)
2021-07-19T08:45:52.7481962+03:00 0HMAAEVVNBA8G:0000000D [INF] Executing ViewResult, running view "Edit". (c83d0e25)
2021-07-19T08:45:52.7628746+03:00 0HMAAEVVNBA8G:0000000D [INF] Executed ViewResult - view "Edit" executed in 183.2604ms. (f66409e9)
2021-07-19T08:45:52.7646148+03:00 0HMAAEVVNBA8G:0000000D [INF] Executed action "CRMLibrary.UI.Controllers.HomeController.Edit (CRMLibrary.UI)" in 197.1601ms (afa2e885)
2021-07-19T08:45:52.7680118+03:00 0HMAAEVVNBA8G:0000000D [INF] Request finished in 202.4362ms 200 text/html; charset=utf-8 (791a596a)
2021-07-19T08:45:52.7844678+03:00 0HMAAEVVNBA8G:0000000E [INF] Request starting HTTP/1.1 GET http://localhost:44355/favicon.ico   (ca22a1cb)
2021-07-19T08:45:52.7883931+03:00 0HMAAEVVNBA8G:0000000E [INF] Sending file. Request path: '"/favicon.ico"'. Physical path: '"C:\MyPrograms\PetProjects\CRMLibrary\CRMLibrary.UI\wwwroot\favicon.ico"' (27b0a520)
2021-07-19T08:45:52.7914109+03:00 0HMAAEVVNBA8G:0000000E [INF] Request finished in 5.635ms 200 image/x-icon (791a596a)
2021-07-19T08:46:04.7466159+03:00 0HMAAEVVNBA8G:0000000F [INF] Request starting HTTP/1.1 GET http://localhost:44355/Home/Edit/1   (ca22a1cb)
2021-07-19T08:46:04.7489617+03:00 0HMAAEVVNBA8G:0000000F [INF] Route matched with "{action = \"Edit\", controller = \"Home\"}". Executing controller action with signature "Microsoft.AspNetCore.Mvc.IActionResult Edit(System.Nullable`1[System.Int32])" on controller "CRMLibrary.UI.Controllers.HomeController" ("CRMLibrary.UI"). (122b2fdf)
2021-07-19T08:46:04.7507184+03:00 0HMAAEVVNBA8G:0000000F [INF] Authorization was successful. (0d575a54)
2021-07-19T08:46:04.7555930+03:00 0HMAAEVVNBA8G:0000000F [INF] Executing action method "CRMLibrary.UI.Controllers.HomeController.Edit (CRMLibrary.UI)" - Validation state: Valid (dad538d7)
2021-07-19T08:46:04.7659957+03:00 0HMAAEVVNBA8G:0000000F [INF] Executed action method "CRMLibrary.UI.Controllers.HomeController.Edit (CRMLibrary.UI)", returned result "Microsoft.AspNetCore.Mvc.ViewResult" in 8.8369ms. (50a9e262)
2021-07-19T08:46:04.9408232+03:00 0HMAAEVVNBA8G:0000000F [INF] Executing ViewResult, running view "Edit". (c83d0e25)
2021-07-19T08:46:04.9615990+03:00 0HMAAEVVNBA8G:0000000F [INF] Executed ViewResult - view "Edit" executed in 193.0427ms. (f66409e9)
2021-07-19T08:46:04.9645546+03:00 0HMAAEVVNBA8G:0000000F [INF] Executed action "CRMLibrary.UI.Controllers.HomeController.Edit (CRMLibrary.UI)" in 212.6743ms (afa2e885)
2021-07-19T08:46:04.9688539+03:00 0HMAAEVVNBA8G:0000000F [INF] Request finished in 220.0037ms 200 text/html; charset=utf-8 (791a596a)
2021-07-19T08:46:04.9964766+03:00 0HMAAEVVNBA8G:00000010 [INF] Request starting HTTP/1.1 GET http://localhost:44355/favicon.ico   (ca22a1cb)
2021-07-19T08:46:05.0041876+03:00 0HMAAEVVNBA8G:00000010 [INF] Sending file. Request path: '"/favicon.ico"'. Physical path: '"C:\MyPrograms\PetProjects\CRMLibrary\CRMLibrary.UI\wwwroot\favicon.ico"' (27b0a520)
2021-07-19T08:46:05.0080432+03:00 0HMAAEVVNBA8G:00000010 [INF] Request finished in 10.1049ms 200 image/x-icon (791a596a)
2021-07-19T08:46:28.6401228+03:00 0HMAAEVVNBA8G:00000011 [INF] Request starting HTTP/1.1 GET http://localhost:44355/Home/Edit/1   (ca22a1cb)
2021-07-19T08:46:28.6418894+03:00 0HMAAEVVNBA8G:00000011 [INF] Route matched with "{action = \"Edit\", controller = \"Home\"}". Executing controller action with signature "Microsoft.AspNetCore.Mvc.IActionResult Edit(System.Nullable`1[System.Int32])" on controller "CRMLibrary.UI.Controllers.HomeController" ("CRMLibrary.UI"). (122b2fdf)
2021-07-19T08:46:28.6432623+03:00 0HMAAEVVNBA8G:00000011 [INF] Authorization was successful. (0d575a54)
2021-07-19T08:46:28.6447288+03:00 0HMAAEVVNBA8G:00000011 [INF] Executing action method "CRMLibrary.UI.Controllers.HomeController.Edit (CRMLibrary.UI)" - Validation state: Valid (dad538d7)
2021-07-19T08:46:28.6538551+03:00 0HMAAEVVNBA8G:00000011 [INF] Executed action method "CRMLibrary.UI.Controllers.HomeController.Edit (CRMLibrary.UI)", returned result "Microsoft.AspNetCore.Mvc.ViewResult" in 7.0012ms. (50a9e262)
2021-07-19T08:46:28.8014833+03:00 0HMAAEVVNBA8G:00000011 [INF] Executing ViewResult, running view "Edit". (c83d0e25)
2021-07-19T08:46:28.8168638+03:00 0HMAAEVVNBA8G:00000011 [INF] Executed ViewResult - view "Edit" executed in 160.4072ms. (f66409e9)
2021-07-19T08:46:28.8192506+03:00 0HMAAEVVNBA8G:00000011 [INF] Executed action "CRMLibrary.UI.Controllers.HomeController.Edit (CRMLibrary.UI)" in 175.019ms (afa2e885)
2021-07-19T08:46:28.8250773+03:00 0HMAAEVVNBA8G:00000011 [INF] Request finished in 181.4497ms 200 text/html; charset=utf-8 (791a596a)
2021-07-19T08:46:28.8391261+03:00 0HMAAEVVNBA8G:00000012 [INF] Request starting HTTP/1.1 GET http://localhost:44355/favicon.ico   (ca22a1cb)
2021-07-19T08:46:28.8442484+03:00 0HMAAEVVNBA8G:00000012 [INF] Sending file. Request path: '"/favicon.ico"'. Physical path: '"C:\MyPrograms\PetProjects\CRMLibrary\CRMLibrary.UI\wwwroot\favicon.ico"' (27b0a520)
2021-07-19T08:46:28.8462769+03:00 0HMAAEVVNBA8G:00000012 [INF] Request finished in 6.9017ms 200 image/x-icon (791a596a)
2021-07-19T08:46:57.3926914+03:00 0HMAAEVVNBA8G:00000013 [INF] Request starting HTTP/1.1 GET http://localhost:44355/Home/Edit/1   (ca22a1cb)
2021-07-19T08:46:57.3946701+03:00 0HMAAEVVNBA8G:00000013 [INF] Route matched with "{action = \"Edit\", controller = \"Home\"}". Executing controller action with signature "Microsoft.AspNetCore.Mvc.IActionResult Edit(System.Nullable`1[System.Int32])" on controller "CRMLibrary.UI.Controllers.HomeController" ("CRMLibrary.UI"). (122b2fdf)
2021-07-19T08:46:57.3965443+03:00 0HMAAEVVNBA8G:00000013 [INF] Authorization was successful. (0d575a54)
2021-07-19T08:46:57.3980380+03:00 0HMAAEVVNBA8G:00000013 [INF] Executing action method "CRMLibrary.UI.Controllers.HomeController.Edit (CRMLibrary.UI)" - Validation state: Valid (dad538d7)
2021-07-19T08:46:57.4065391+03:00 0HMAAEVVNBA8G:00000013 [INF] Executed action method "CRMLibrary.UI.Controllers.HomeController.Edit (CRMLibrary.UI)", returned result "Microsoft.AspNetCore.Mvc.ViewResult" in 6.6914ms. (50a9e262)
2021-07-19T08:46:57.5621597+03:00 0HMAAEVVNBA8G:00000013 [INF] Executing ViewResult, running view "Edit". (c83d0e25)
2021-07-19T08:46:57.5761876+03:00 0HMAAEVVNBA8G:00000013 [INF] Executed ViewResult - view "Edit" executed in 167.4197ms. (f66409e9)
2021-07-19T08:46:57.5777788+03:00 0HMAAEVVNBA8G:00000013 [INF] Executed action "CRMLibrary.UI.Controllers.HomeController.Edit (CRMLibrary.UI)" in 181.5243ms (afa2e885)
2021-07-19T08:46:57.5799813+03:00 0HMAAEVVNBA8G:00000013 [INF] Request finished in 186.7526ms 200 text/html; charset=utf-8 (791a596a)
2021-07-19T08:46:57.5997352+03:00 0HMAAEVVNBA8G:00000014 [INF] Request starting HTTP/1.1 GET http://localhost:44355/favicon.ico   (ca22a1cb)
2021-07-19T08:46:57.6020606+03:00 0HMAAEVVNBA8G:00000014 [INF] Sending file. Request path: '"/favicon.ico"'. Physical path: '"C:\MyPrograms\PetProjects\CRMLibrary\CRMLibrary.UI\wwwroot\favicon.ico"' (27b0a520)
2021-07-19T08:46:57.6048706+03:00 0HMAAEVVNBA8G:00000014 [INF] Request finished in 3.7153ms 200 image/x-icon (791a596a)
2021-07-19T08:47:07.8293355+03:00 0HMAAEVVNBA8G:00000015 [INF] Request starting HTTP/1.1 GET http://localhost:44355/Home/Edit/1   (ca22a1cb)
2021-07-19T08:47:07.8311296+03:00 0HMAAEVVNBA8G:00000015 [INF] Route matched with "{action = \"Edit\", controller = \"Home\"}". Executing controller action with signature "Microsoft.AspNetCore.Mvc.IActionResult Edit(System.Nullable`1[System.Int32])" on controller "CRMLibrary.UI.Controllers.HomeController" ("CRMLibrary.UI"). (122b2fdf)
2021-07-19T08:47:07.8323688+03:00 0HMAAEVVNBA8G:00000015 [INF] Authorization was successful. (0d575a54)
2021-07-19T08:47:07.8343169+03:00 0HMAAEVVNBA8G:00000015 [INF] Executing action method "CRMLibrary.UI.Controllers.HomeController.Edit (CRMLibrary.UI)" - Validation state: Valid (dad538d7)
2021-07-19T08:47:07.8427222+03:00 0HMAAEVVNBA8G:00000015 [INF] Executed action method "CRMLibrary.UI.Controllers.HomeController.Edit (CRMLibrary.UI)", returned result "Microsoft.AspNetCore.Mvc.ViewResult" in 6.8148ms. (50a9e262)
2021-07-19T08:47:07.9852894+03:00 0HMAAEVVNBA8G:00000015 [INF] Executing ViewResult, running view "Edit". (c83d0e25)
2021-07-19T08:47:08.0039148+03:00 0HMAAEVVNBA8G:00000015 [INF] Executed ViewResult - view "Edit" executed in 158.6203ms. (f66409e9)
2021-07-19T08:47:08.0061135+03:00 0HMAAEVVNBA8G:00000015 [INF] Executed action "CRMLibrary.UI.Controllers.HomeController.Edit (CRMLibrary.UI)" in 172.8328ms (afa2e885)
2021-07-19T08:47:08.0093569+03:00 0HMAAEVVNBA8G:00000015 [INF] Request finished in 179.371ms 200 text/html; charset=utf-8 (791a596a)
2021-07-19T08:47:08.0315834+03:00 0HMAAEVVNBA8G:00000016 [INF] Request starting HTTP/1.1 GET http://localhost:44355/favicon.ico   (ca22a1cb)
2021-07-19T08:47:08.0357583+03:00 0HMAAEVVNBA8G:00000016 [INF] Sending file. Request path: '"/favicon.ico"'. Physical path: '"C:\MyPrograms\PetProjects\CRMLibrary\CRMLibrary.UI\wwwroot\favicon.ico"' (27b0a520)
2021-07-19T08:47:08.0433200+03:00 0HMAAEVVNBA8G:00000016 [INF] Request finished in 6.1133ms 200 image/x-icon (791a596a)
2021-07-19T08:47:32.7191668+03:00 0HMAAEVVNBA8G:00000017 [INF] Request starting HTTP/1.1 GET http://localhost:44355/Home/Edit/1   (ca22a1cb)
2021-07-19T08:47:32.7215559+03:00 0HMAAEVVNBA8G:00000017 [INF] Route matched with "{action = \"Edit\", controller = \"Home\"}". Executing controller action with signature "Microsoft.AspNetCore.Mvc.IActionResult Edit(System.Nullable`1[System.Int32])" on controller "CRMLibrary.UI.Controllers.HomeController" ("CRMLibrary.UI"). (122b2fdf)
2021-07-19T08:47:32.7230684+03:00 0HMAAEVVNBA8G:00000017 [INF] Authorization was successful. (0d575a54)
2021-07-19T08:47:32.7244985+03:00 0HMAAEVVNBA8G:00000017 [INF] Executing action method "CRMLibrary.UI.Controllers.HomeController.Edit (CRMLibrary.UI)" - Validation state: Valid (dad538d7)
2021-07-19T08:47:32.7321946+03:00 0HMAAEVVNBA8G:00000017 [INF] Executed action method "CRMLibrary.UI.Controllers.HomeController.Edit (CRMLibrary.UI)", returned result "Microsoft.AspNetCore.Mvc.ViewResult" in 6.535ms. (50a9e262)
2021-07-19T08:47:32.8945651+03:00 0HMAAEVVNBA8G:00000017 [INF] Executing ViewResult, running view "Edit". (c83d0e25)
2021-07-19T08:47:32.9106547+03:00 0HMAAEVVNBA8G:00000017 [INF] Executed ViewResult - view "Edit" executed in 176.9259ms. (f66409e9)
2021-07-19T08:47:32.9125712+03:00 0HMAAEVVNBA8G:00000017 [INF] Executed action "CRMLibrary.UI.Controllers.HomeController.Edit (CRMLibrary.UI)" in 189.1077ms (afa2e885)
2021-07-19T08:47:32.9150629+03:00 0HMAAEVVNBA8G:00000017 [INF] Request finished in 195.1606ms 200 text/html; charset=utf-8 (791a596a)
2021-07-19T08:47:32.9592288+03:00 0HMAAEVVNBA8G:00000018 [INF] Request starting HTTP/1.1 GET http://localhost:44355/favicon.ico   (ca22a1cb)
2021-07-19T08:47:32.9616921+03:00 0HMAAEVVNBA8G:00000018 [INF] Sending file. Request path: '"/favicon.ico"'. Physical path: '"C:\MyPrograms\PetProjects\CRMLibrary\CRMLibrary.UI\wwwroot\favicon.ico"' (27b0a520)
2021-07-19T08:47:32.9643545+03:00 0HMAAEVVNBA8G:00000018 [INF] Request finished in 4.4885ms 200 image/x-icon (791a596a)
2021-07-19T08:48:05.6475765+03:00 0HMAAEVVNBA8G:00000019 [INF] Request starting HTTP/1.1 GET http://localhost:44355/Home/Edit/1   (ca22a1cb)
2021-07-19T08:48:05.6491969+03:00 0HMAAEVVNBA8G:00000019 [INF] Route matched with "{action = \"Edit\", controller = \"Home\"}". Executing controller action with signature "Microsoft.AspNetCore.Mvc.IActionResult Edit(System.Nullable`1[System.Int32])" on controller "CRMLibrary.UI.Controllers.HomeController" ("CRMLibrary.UI"). (122b2fdf)
2021-07-19T08:48:05.6506892+03:00 0HMAAEVVNBA8G:00000019 [INF] Authorization was successful. (0d575a54)
2021-07-19T08:48:05.6522399+03:00 0HMAAEVVNBA8G:00000019 [INF] Executing action method "CRMLibrary.UI.Controllers.HomeController.Edit (CRMLibrary.UI)" - Validation state: Valid (dad538d7)
2021-07-19T08:48:05.6603870+03:00 0HMAAEVVNBA8G:00000019 [INF] Executed action method "CRMLibrary.UI.Controllers.HomeController.Edit (CRMLibrary.UI)", returned result "Microsoft.AspNetCore.Mvc.ViewResult" in 6.9305ms. (50a9e262)
2021-07-19T08:48:05.8132809+03:00 0HMAAEVVNBA8G:00000019 [INF] Executing ViewResult, running view "Edit". (c83d0e25)
2021-07-19T08:48:05.8288480+03:00 0HMAAEVVNBA8G:00000019 [INF] Executed ViewResult - view "Edit" executed in 166.9856ms. (f66409e9)
2021-07-19T08:48:05.8307494+03:00 0HMAAEVVNBA8G:00000019 [INF] Executed action "CRMLibrary.UI.Controllers.HomeController.Edit (CRMLibrary.UI)" in 179.6932ms (afa2e885)
2021-07-19T08:48:05.8329573+03:00 0HMAAEVVNBA8G:00000019 [INF] Request finished in 184.8068ms 200 text/html; charset=utf-8 (791a596a)
2021-07-19T08:48:05.8506830+03:00 0HMAAEVVNBA8G:0000001A [INF] Request starting HTTP/1.1 GET http://localhost:44355/favicon.ico   (ca22a1cb)
2021-07-19T08:48:05.8564253+03:00 0HMAAEVVNBA8G:0000001A [INF] Sending file. Request path: '"/favicon.ico"'. Physical path: '"C:\MyPrograms\PetProjects\CRMLibrary\CRMLibrary.UI\wwwroot\favicon.ico"' (27b0a520)
2021-07-19T08:48:05.8603391+03:00 0HMAAEVVNBA8G:0000001A [INF] Request finished in 7.2105ms 200 image/x-icon (791a596a)
2021-07-19T08:48:18.3486760+03:00 0HMAAEVVNBA8G:0000001B [INF] Request starting HTTP/1.1 GET http://localhost:44355/Home/Edit/1   (ca22a1cb)
2021-07-19T08:48:18.3501432+03:00 0HMAAEVVNBA8G:0000001B [INF] Route matched with "{action = \"Edit\", controller = \"Home\"}". Executing controller action with signature "Microsoft.AspNetCore.Mvc.IActionResult Edit(System.Nullable`1[System.Int32])" on controller "CRMLibrary.UI.Controllers.HomeController" ("CRMLibrary.UI"). (122b2fdf)
2021-07-19T08:48:18.3512766+03:00 0HMAAEVVNBA8G:0000001B [INF] Authorization was successful. (0d575a54)
2021-07-19T08:48:18.3531297+03:00 0HMAAEVVNBA8G:0000001B [INF] Executing action method "CRMLibrary.UI.Controllers.HomeController.Edit (CRMLibrary.UI)" - Validation state: Valid (dad538d7)
2021-07-19T08:48:18.3626113+03:00 0HMAAEVVNBA8G:0000001B [INF] Executed action method "CRMLibrary.UI.Controllers.HomeController.Edit (CRMLibrary.UI)", returned result "Microsoft.AspNetCore.Mvc.ViewResult" in 8.0247ms. (50a9e262)
2021-07-19T08:48:18.5112039+03:00 0HMAAEVVNBA8G:0000001B [INF] Executing ViewResult, running view "Edit". (c83d0e25)
2021-07-19T08:48:18.5282228+03:00 0HMAAEVVNBA8G:0000001B [INF] Executed ViewResult - view "Edit" executed in 164.0718ms. (f66409e9)
2021-07-19T08:48:18.5299153+03:00 0HMAAEVVNBA8G:0000001B [INF] Executed action "CRMLibrary.UI.Controllers.HomeController.Edit (CRMLibrary.UI)" in 178.1093ms (afa2e885)
2021-07-19T08:48:18.5326145+03:00 0HMAAEVVNBA8G:0000001B [INF] Request finished in 183.3883ms 200 text/html; charset=utf-8 (791a596a)
2021-07-19T08:48:18.5502684+03:00 0HMAAEVVNBA8G:0000001C [INF] Request starting HTTP/1.1 GET http://localhost:44355/favicon.ico   (ca22a1cb)
2021-07-19T08:48:18.5541672+03:00 0HMAAEVVNBA8G:0000001C [INF] Sending file. Request path: '"/favicon.ico"'. Physical path: '"C:\MyPrograms\PetProjects\CRMLibrary\CRMLibrary.UI\wwwroot\favicon.ico"' (27b0a520)
2021-07-19T08:48:18.5581743+03:00 0HMAAEVVNBA8G:0000001C [INF] Request finished in 6.3263ms 200 image/x-icon (791a596a)
2021-07-19T08:48:48.2602460+03:00 0HMAAEVVNBA8G:0000001D [INF] Request starting HTTP/1.1 GET http://localhost:44355/Home/Edit/1   (ca22a1cb)
2021-07-19T08:48:48.2619930+03:00 0HMAAEVVNBA8G:0000001D [INF] Route matched with "{action = \"Edit\", controller = \"Home\"}". Executing controller action with signature "Microsoft.AspNetCore.Mvc.IActionResult Edit(System.Nullable`1[System.Int32])" on controller "CRMLibrary.UI.Controllers.HomeController" ("CRMLibrary.UI"). (122b2fdf)
2021-07-19T08:48:48.2636680+03:00 0HMAAEVVNBA8G:0000001D [INF] Authorization was successful. (0d575a54)
2021-07-19T08:48:48.2652153+03:00 0HMAAEVVNBA8G:0000001D [INF] Executing action method "CRMLibrary.UI.Controllers.HomeController.Edit (CRMLibrary.UI)" - Validation state: Valid (dad538d7)
2021-07-19T08:48:48.2727490+03:00 0HMAAEVVNBA8G:0000001D [INF] Executed action method "CRMLibrary.UI.Controllers.HomeController.Edit (CRMLibrary.UI)", returned result "Microsoft.AspNetCore.Mvc.ViewResult" in 6.1419ms. (50a9e262)
2021-07-19T08:48:48.4160431+03:00 0HMAAEVVNBA8G:0000001D [INF] Executing ViewResult, running view "Edit". (c83d0e25)
2021-07-19T08:48:48.4309093+03:00 0HMAAEVVNBA8G:0000001D [INF] Executed ViewResult - view "Edit" executed in 156.4875ms. (f66409e9)
2021-07-19T08:48:48.4325943+03:00 0HMAAEVVNBA8G:0000001D [INF] Executed action "CRMLibrary.UI.Controllers.HomeController.Edit (CRMLibrary.UI)" in 168.9147ms (afa2e885)
2021-07-19T08:48:48.4368656+03:00 0HMAAEVVNBA8G:0000001D [INF] Request finished in 174.7154ms 200 text/html; charset=utf-8 (791a596a)
2021-07-19T08:48:48.4520728+03:00 0HMAAEVVNBA8G:0000001E [INF] Request starting HTTP/1.1 GET http://localhost:44355/favicon.ico   (ca22a1cb)
2021-07-19T08:48:48.4555162+03:00 0HMAAEVVNBA8G:0000001E [INF] Sending file. Request path: '"/favicon.ico"'. Physical path: '"C:\MyPrograms\PetProjects\CRMLibrary\CRMLibrary.UI\wwwroot\favicon.ico"' (27b0a520)
2021-07-19T08:48:48.4584794+03:00 0HMAAEVVNBA8G:0000001E [INF] Request finished in 6.0711ms 200 image/x-icon (791a596a)
2021-07-19T08:48:55.9106416+03:00 0HMAAEVVNBA8G:0000001F [INF] Request starting HTTP/1.1 GET http://localhost:44355/Home/Edit/1   (ca22a1cb)
2021-07-19T08:48:55.9123060+03:00 0HMAAEVVNBA8G:0000001F [INF] Route matched with "{action = \"Edit\", controller = \"Home\"}". Executing controller action with signature "Microsoft.AspNetCore.Mvc.IActionResult Edit(System.Nullable`1[System.Int32])" on controller "CRMLibrary.UI.Controllers.HomeController" ("CRMLibrary.UI"). (122b2fdf)
2021-07-19T08:48:55.9134191+03:00 0HMAAEVVNBA8G:0000001F [INF] Authorization was successful. (0d575a54)
2021-07-19T08:48:55.9145719+03:00 0HMAAEVVNBA8G:0000001F [INF] Executing action method "CRMLibrary.UI.Controllers.HomeController.Edit (CRMLibrary.UI)" - Validation state: Valid (dad538d7)
2021-07-19T08:48:55.9232604+03:00 0HMAAEVVNBA8G:0000001F [INF] Executed action method "CRMLibrary.UI.Controllers.HomeController.Edit (CRMLibrary.UI)", returned result "Microsoft.AspNetCore.Mvc.ViewResult" in 6.8609ms. (50a9e262)
2021-07-19T08:48:56.0671758+03:00 0HMAAEVVNBA8G:0000001F [INF] Executing ViewResult, running view "Edit". (c83d0e25)
2021-07-19T08:48:56.0826839+03:00 0HMAAEVVNBA8G:0000001F [INF] Executed ViewResult - view "Edit" executed in 157.8687ms. (f66409e9)
2021-07-19T08:48:56.0843509+03:00 0HMAAEVVNBA8G:0000001F [INF] Executed action "CRMLibrary.UI.Controllers.HomeController.Edit (CRMLibrary.UI)" in 170.422ms (afa2e885)
2021-07-19T08:48:56.0872067+03:00 0HMAAEVVNBA8G:0000001F [INF] Request finished in 175.8758ms 200 text/html; charset=utf-8 (791a596a)
2021-07-19T08:48:56.1018389+03:00 0HMAAEVVNBA8G:00000020 [INF] Request starting HTTP/1.1 GET http://localhost:44355/favicon.ico   (ca22a1cb)
2021-07-19T08:48:56.1064669+03:00 0HMAAEVVNBA8G:00000020 [INF] Sending file. Request path: '"/favicon.ico"'. Physical path: '"C:\MyPrograms\PetProjects\CRMLibrary\CRMLibrary.UI\wwwroot\favicon.ico"' (27b0a520)
2021-07-19T08:48:56.1084552+03:00 0HMAAEVVNBA8G:00000020 [INF] Request finished in 6.2165ms 200 image/x-icon (791a596a)
2021-07-19T08:49:15.9291607+03:00 0HMAAEVVNBA8G:00000021 [INF] Request starting HTTP/1.1 GET http://localhost:44355/Home/Edit/1   (ca22a1cb)
2021-07-19T08:49:15.9307100+03:00 0HMAAEVVNBA8G:00000021 [INF] Route matched with "{action = \"Edit\", controller = \"Home\"}". Executing controller action with signature "Microsoft.AspNetCore.Mvc.IActionResult Edit(System.Nullable`1[System.Int32])" on controller "CRMLibrary.UI.Controllers.HomeController" ("CRMLibrary.UI"). (122b2fdf)
2021-07-19T08:49:15.9319897+03:00 0HMAAEVVNBA8G:00000021 [INF] Authorization was successful. (0d575a54)
2021-07-19T08:49:15.9331534+03:00 0HMAAEVVNBA8G:00000021 [INF] Executing action method "CRMLibrary.UI.Controllers.HomeController.Edit (CRMLibrary.UI)" - Validation state: Valid (dad538d7)
2021-07-19T08:49:15.9406442+03:00 0HMAAEVVNBA8G:00000021 [INF] Executed action method "CRMLibrary.UI.Controllers.HomeController.Edit (CRMLibrary.UI)", returned result "Microsoft.AspNetCore.Mvc.ViewResult" in 6.1387ms. (50a9e262)
2021-07-19T08:49:16.0874079+03:00 0HMAAEVVNBA8G:00000021 [INF] Executing ViewResult, running view "Edit". (c83d0e25)
2021-07-19T08:49:16.1010065+03:00 0HMAAEVVNBA8G:00000021 [INF] Executed ViewResult - view "Edit" executed in 158.7999ms. (f66409e9)
2021-07-19T08:49:16.1025343+03:00 0HMAAEVVNBA8G:00000021 [INF] Executed action "CRMLibrary.UI.Controllers.HomeController.Edit (CRMLibrary.UI)" in 170.32ms (afa2e885)
2021-07-19T08:49:16.1050308+03:00 0HMAAEVVNBA8G:00000021 [INF] Request finished in 175.4095ms 200 text/html; charset=utf-8 (791a596a)
2021-07-19T08:49:16.1179696+03:00 0HMAAEVVNBA8G:00000022 [INF] Request starting HTTP/1.1 GET http://localhost:44355/favicon.ico   (ca22a1cb)
2021-07-19T08:49:16.1211826+03:00 0HMAAEVVNBA8G:00000022 [INF] Sending file. Request path: '"/favicon.ico"'. Physical path: '"C:\MyPrograms\PetProjects\CRMLibrary\CRMLibrary.UI\wwwroot\favicon.ico"' (27b0a520)
2021-07-19T08:49:16.1232418+03:00 0HMAAEVVNBA8G:00000022 [INF] Request finished in 4.693ms 200 image/x-icon (791a596a)
2021-07-19T08:49:23.5786053+03:00 0HMAAEVVNBA8G:00000023 [INF] Request starting HTTP/1.1 GET http://localhost:44355/Home/Edit/1   (ca22a1cb)
2021-07-19T08:49:23.5804002+03:00 0HMAAEVVNBA8G:00000023 [INF] Route matched with "{action = \"Edit\", controller = \"Home\"}". Executing controller action with signature "Microsoft.AspNetCore.Mvc.IActionResult Edit(System.Nullable`1[System.Int32])" on controller "CRMLibrary.UI.Controllers.HomeController" ("CRMLibrary.UI"). (122b2fdf)
2021-07-19T08:49:23.5817607+03:00 0HMAAEVVNBA8G:00000023 [INF] Authorization was successful. (0d575a54)
2021-07-19T08:49:23.5835639+03:00 0HMAAEVVNBA8G:00000023 [INF] Executing action method "CRMLibrary.UI.Controllers.HomeController.Edit (CRMLibrary.UI)" - Validation state: Valid (dad538d7)
2021-07-19T08:49:23.5934535+03:00 0HMAAEVVNBA8G:00000023 [INF] Executed action method "CRMLibrary.UI.Controllers.HomeController.Edit (CRMLibrary.UI)", returned result "Microsoft.AspNetCore.Mvc.ViewResult" in 8.3919ms. (50a9e262)
2021-07-19T08:49:23.7670297+03:00 0HMAAEVVNBA8G:00000023 [INF] Executing ViewResult, running view "Edit". (c83d0e25)
2021-07-19T08:49:23.7915057+03:00 0HMAAEVVNBA8G:00000023 [INF] Executed ViewResult - view "Edit" executed in 195.0085ms. (f66409e9)
2021-07-19T08:49:23.7937110+03:00 0HMAAEVVNBA8G:00000023 [INF] Executed action "CRMLibrary.UI.Controllers.HomeController.Edit (CRMLibrary.UI)" in 211.1615ms (afa2e885)
2021-07-19T08:49:23.7963947+03:00 0HMAAEVVNBA8G:00000023 [INF] Request finished in 216.8306ms 200 text/html; charset=utf-8 (791a596a)
2021-07-19T08:49:23.8152869+03:00 0HMAAEVVNBA8G:00000024 [INF] Request starting HTTP/1.1 GET http://localhost:44355/favicon.ico   (ca22a1cb)
2021-07-19T08:49:23.8177871+03:00 0HMAAEVVNBA8G:00000024 [INF] Sending file. Request path: '"/favicon.ico"'. Physical path: '"C:\MyPrograms\PetProjects\CRMLibrary\CRMLibrary.UI\wwwroot\favicon.ico"' (27b0a520)
2021-07-19T08:49:23.8203104+03:00 0HMAAEVVNBA8G:00000024 [INF] Request finished in 4.0411ms 200 image/x-icon (791a596a)
2021-07-19T08:49:34.4435417+03:00 0HMAAEVVNBA8G:00000025 [INF] Request starting HTTP/1.1 GET http://localhost:44355/Home/Edit/1   (ca22a1cb)
2021-07-19T08:49:34.4451809+03:00 0HMAAEVVNBA8G:00000025 [INF] Route matched with "{action = \"Edit\", controller = \"Home\"}". Executing controller action with signature "Microsoft.AspNetCore.Mvc.IActionResult Edit(System.Nullable`1[System.Int32])" on controller "CRMLibrary.UI.Controllers.HomeController" ("CRMLibrary.UI"). (122b2fdf)
2021-07-19T08:49:34.4470646+03:00 0HMAAEVVNBA8G:00000025 [INF] Authorization was successful. (0d575a54)
2021-07-19T08:49:34.4485989+03:00 0HMAAEVVNBA8G:00000025 [INF] Executing action method "CRMLibrary.UI.Controllers.HomeController.Edit (CRMLibrary.UI)" - Validation state: Valid (dad538d7)
2021-07-19T08:49:34.4599844+03:00 0HMAAEVVNBA8G:00000025 [INF] Executed action method "CRMLibrary.UI.Controllers.HomeController.Edit (CRMLibrary.UI)", returned result "Microsoft.AspNetCore.Mvc.ViewResult" in 9.8756ms. (50a9e262)
2021-07-19T08:49:34.6073798+03:00 0HMAAEVVNBA8G:00000025 [INF] Executing ViewResult, running view "Edit". (c83d0e25)
2021-07-19T08:49:34.6212659+03:00 0HMAAEVVNBA8G:00000025 [INF] Executed ViewResult - view "Edit" executed in 159.6368ms. (f66409e9)
2021-07-19T08:49:34.6227934+03:00 0HMAAEVVNBA8G:00000025 [INF] Executed action "CRMLibrary.UI.Controllers.HomeController.Edit (CRMLibrary.UI)" in 176.0193ms (afa2e885)
2021-07-19T08:49:34.6249506+03:00 0HMAAEVVNBA8G:00000025 [INF] Request finished in 181.1526ms 200 text/html; charset=utf-8 (791a596a)
2021-07-19T08:49:34.6410331+03:00 0HMAAEVVNBA8G:00000026 [INF] Request starting HTTP/1.1 GET http://localhost:44355/favicon.ico   (ca22a1cb)
2021-07-19T08:49:34.6431822+03:00 0HMAAEVVNBA8G:00000026 [INF] Sending file. Request path: '"/favicon.ico"'. Physical path: '"C:\MyPrograms\PetProjects\CRMLibrary\CRMLibrary.UI\wwwroot\favicon.ico"' (27b0a520)
2021-07-19T08:49:34.6449694+03:00 0HMAAEVVNBA8G:00000026 [INF] Request finished in 3.5856ms 200 image/x-icon (791a596a)
